[ 2017-12-06T13:48:54+08:00 ] 127.0.0.1 /thinkphp_3.2.3_full/
INFO: [ app_init ] --START--
INFO: Run Behavior\BuildLiteBehavior [ RunTime:0.000000s ]
INFO: [ app_init ] --END-- [ RunTime:0.001000s ]
INFO: [ app_begin ] --START--
INFO: Run Behavior\ReadHtmlCacheBehavior [ RunTime:0.000000s ]
INFO: [ app_begin ] --END-- [ RunTime:0.001000s ]
INFO: [ view_parse ] --START--
INFO: [ template_filter ] --START--
INFO: Run Behavior\ContentReplaceBehavior [ RunTime:0.000000s ]
INFO: [ template_filter ] --END-- [ RunTime:0.001000s ]
INFO: Run Behavior\ParseTemplateBehavior [ RunTime:0.049003s ]
INFO: [ view_parse ] --END-- [ RunTime:0.049003s ]
INFO: [ view_filter ] --START--
INFO: Run Behavior\WriteHtmlCacheBehavior [ RunTime:0.001000s ]
INFO: [ view_filter ] --END-- [ RunTime:0.001000s ]
INFO: [ app_end ] --START--
INFO: Run Behavior\ShowPageTraceBehavior [ RunTime:0.002000s ]
INFO: [ app_end ] --END-- [ RunTime:0.003000s ]

[ 2017-12-06T13:48:54+08:00 ] 127.0.0.1 /thinkphp_3.2.3_full/Home/Index/verifyImg.shtml
INFO: [ app_init ] --START--
INFO: Run Behavior\BuildLiteBehavior [ RunTime:0.001000s ]
INFO: [ app_init ] --END-- [ RunTime:0.002000s ]
INFO: [ app_begin ] --START--
INFO: Run Behavior\ReadHtmlCacheBehavior [ RunTime:0.002001s ]
INFO: [ app_begin ] --END-- [ RunTime:0.002001s ]
INFO: [ app_end ] --START--
INFO: Run Behavior\ShowPageTraceBehavior [ RunTime:0.002000s ]
INFO: [ app_end ] --END-- [ RunTime:0.002000s ]

[ 2017-12-06T13:49:00+08:00 ] 127.0.0.1 /thinkphp_3.2.3_full/Home/Manager/index.shtml
INFO: [ app_init ] --START--
INFO: Run Behavior\BuildLiteBehavior [ RunTime:0.000000s ]
INFO: [ app_init ] --END-- [ RunTime:0.002000s ]
INFO: [ app_begin ] --START--
INFO: Run Behavior\ReadHtmlCacheBehavior [ RunTime:0.002000s ]
INFO: [ app_begin ] --END-- [ RunTime:0.002000s ]

[ 2017-12-06T13:49:00+08:00 ] 127.0.0.1 /thinkphp_3.2.3_full/
INFO: [ app_init ] --START--
INFO: Run Behavior\BuildLiteBehavior [ RunTime:0.000000s ]
INFO: [ app_init ] --END-- [ RunTime:0.002000s ]
INFO: [ app_begin ] --START--
INFO: Run Behavior\ReadHtmlCacheBehavior [ RunTime:0.002000s ]
INFO: [ app_begin ] --END-- [ RunTime:0.002000s ]
SQL: SHOW COLUMNS FROM `tp_manager` [ RunTime:0.0510s ]
SQL: SELECT * FROM `tp_manager` WHERE `mg_name` = 'admin' AND `mg_pwd` = '123' LIMIT 1   [ RunTime:0.0010s ]

[ 2017-12-06T13:49:01+08:00 ] 127.0.0.1 /thinkphp_3.2.3_full/Home/Manager/index.shtml
INFO: [ app_init ] --START--
INFO: Run Behavior\BuildLiteBehavior [ RunTime:0.000000s ]
INFO: [ app_init ] --END-- [ RunTime:0.003000s ]
INFO: [ app_begin ] --START--
INFO: Run Behavior\ReadHtmlCacheBehavior [ RunTime:0.003000s ]
INFO: [ app_begin ] --END-- [ RunTime:0.003000s ]
SQL: SHOW COLUMNS FROM `tp_manager` [ RunTime:0.0060s ]
SQL: SELECT * FROM `tp_manager` WHERE `mg_id` = 1 LIMIT 1   [ RunTime:0.0010s ]
SQL: SHOW COLUMNS FROM `tp_role` [ RunTime:0.0210s ]
SQL: SELECT * FROM `tp_role` WHERE `role_id` = 1 LIMIT 1   [ RunTime:0.0010s ]
SQL: SHOW COLUMNS FROM `tp_auth` [ RunTime:0.0270s ]
SQL: SELECT * FROM `tp_auth` WHERE ( auth_level=0  )  [ RunTime:0.0010s ]
SQL: SELECT * FROM `tp_auth` WHERE ( auth_level=1  )  [ RunTime:0.0010s ]
INFO: [ view_parse ] --START--
INFO: [ template_filter ] --START--
INFO: Run Behavior\ContentReplaceBehavior [ RunTime:0.001000s ]
INFO: [ template_filter ] --END-- [ RunTime:0.001000s ]
NOTIC: [8] Use of undefined constant 系统管理员 - assumed '系统管理员' D:\wamp64\www\thinkphp_3.2.3_full\Application\Runtime\Cache\Home\c112828a634e721f87f0c5cdd1e89d6a.php 第 178 行.
INFO: Run Behavior\ParseTemplateBehavior [ RunTime:0.095006s ]
INFO: [ view_parse ] --END-- [ RunTime:0.097006s ]
INFO: [ view_filter ] --START--
INFO: Run Behavior\WriteHtmlCacheBehavior [ RunTime:0.003000s ]
INFO: [ view_filter ] --END-- [ RunTime:0.004000s ]
INFO: [ app_end ] --START--
INFO: Run Behavior\ShowPageTraceBehavior [ RunTime:0.004000s ]
INFO: [ app_end ] --END-- [ RunTime:0.006000s ]

[ 2017-12-06T13:49:01+08:00 ] 127.0.0.1 /thinkphp_3.2.3_full/Home/Manager/welcome.html
INFO: [ app_init ] --START--
INFO: Run Behavior\BuildLiteBehavior [ RunTime:0.000000s ]
INFO: [ app_init ] --END-- [ RunTime:0.001000s ]
INFO: [ app_begin ] --START--
INFO: Run Behavior\ReadHtmlCacheBehavior [ RunTime:0.002000s ]
INFO: [ app_begin ] --END-- [ RunTime:0.002000s ]
INFO: [ view_parse ] --START--
INFO: [ template_filter ] --START--
INFO: Run Behavior\ContentReplaceBehavior [ RunTime:0.000000s ]
INFO: [ template_filter ] --END-- [ RunTime:0.001000s ]
INFO: Run Behavior\ParseTemplateBehavior [ RunTime:0.051003s ]
INFO: [ view_parse ] --END-- [ RunTime:0.053003s ]
INFO: [ view_filter ] --START--
INFO: Run Behavior\WriteHtmlCacheBehavior [ RunTime:0.002000s ]
INFO: [ view_filter ] --END-- [ RunTime:0.004000s ]
INFO: [ app_end ] --START--
INFO: Run Behavior\ShowPageTraceBehavior [ RunTime:0.002000s ]
INFO: [ app_end ] --END-- [ RunTime:0.003000s ]

[ 2017-12-06T13:49:07+08:00 ] 127.0.0.1 /thinkphp_3.2.3_full/Home/Club/club_list
INFO: [ app_init ] --START--
INFO: Run Behavior\BuildLiteBehavior [ RunTime:0.000000s ]
INFO: [ app_init ] --END-- [ RunTime:0.002000s ]
INFO: [ app_begin ] --START--
INFO: Run Behavior\ReadHtmlCacheBehavior [ RunTime:0.002000s ]
INFO: [ app_begin ] --END-- [ RunTime:0.002000s ]
SQL: SHOW COLUMNS FROM `tp_club` [ RunTime:0.0260s ]
SQL: SELECT * FROM `tp_club` WHERE ( club_status=1 )  [ RunTime:0.0020s ]
SQL: SELECT COUNT(*) AS tp_count FROM `tp_club` WHERE ( club_status=1 ) LIMIT 1   [ RunTime:0.0010s ]
INFO: [ view_parse ] --START--
INFO: [ template_filter ] --START--
INFO: Run Behavior\ContentReplaceBehavior [ RunTime:0.001000s ]
INFO: [ template_filter ] --END-- [ RunTime:0.001000s ]
NOTIC: [8] Undefined variable: D D:\wamp64\www\thinkphp_3.2.3_full\Application\Runtime\Cache\Home\d0b032b636e181ec3acbd614db6a54ae.php 第 29 行.
NOTIC: [8] Undefined variable: dp D:\wamp64\www\thinkphp_3.2.3_full\Application\Runtime\Cache\Home\d0b032b636e181ec3acbd614db6a54ae.php 第 29 行.
NOTIC: [8] Undefined variable: D D:\wamp64\www\thinkphp_3.2.3_full\Application\Runtime\Cache\Home\d0b032b636e181ec3acbd614db6a54ae.php 第 32 行.
NOTIC: [8] Undefined variable: dp D:\wamp64\www\thinkphp_3.2.3_full\Application\Runtime\Cache\Home\d0b032b636e181ec3acbd614db6a54ae.php 第 32 行.
NOTIC: [8] Undefined index: member_id D:\wamp64\www\thinkphp_3.2.3_full\Application\Runtime\Cache\Home\d0b032b636e181ec3acbd614db6a54ae.php 第 175 行.
INFO: Run Behavior\ParseTemplateBehavior [ RunTime:0.063003s ]
INFO: [ view_parse ] --END-- [ RunTime:0.063003s ]
INFO: [ view_filter ] --START--
INFO: Run Behavior\WriteHtmlCacheBehavior [ RunTime:0.002000s ]
INFO: [ view_filter ] --END-- [ RunTime:0.002000s ]
INFO: [ app_end ] --START--
INFO: Run Behavior\ShowPageTraceBehavior [ RunTime:0.003001s ]
INFO: [ app_end ] --END-- [ RunTime:0.003001s ]

[ 2017-12-06T13:49:29+08:00 ] 127.0.0.1 /thinkphp_3.2.3_full/Home/Clubmember/club_member
INFO: [ app_init ] --START--
INFO: Run Behavior\BuildLiteBehavior [ RunTime:0.000000s ]
INFO: [ app_init ] --END-- [ RunTime:0.002000s ]
INFO: [ app_begin ] --START--
INFO: Run Behavior\ReadHtmlCacheBehavior [ RunTime:0.002000s ]
INFO: [ app_begin ] --END-- [ RunTime:0.002000s ]
SQL: SHOW COLUMNS FROM `tp_association_member` [ RunTime:0.0230s ]
SQL: SELECT * FROM `tp_association_member` WHERE ( member_status=1 )  [ RunTime:0.0010s ]
SQL: SELECT COUNT(*) AS tp_count FROM `tp_association_member` WHERE ( member_status=1 ) LIMIT 1   [ RunTime:0.0010s ]
INFO: [ view_parse ] --START--
INFO: [ template_filter ] --START--
INFO: Run Behavior\ContentReplaceBehavior [ RunTime:0.001000s ]
INFO: [ template_filter ] --END-- [ RunTime:0.001000s ]
NOTIC: [8] Undefined variable: D D:\wamp64\www\thinkphp_3.2.3_full\Application\Runtime\Cache\Home\2b50e7b019654a0e55d3054239a7eb3d.php 第 29 行.
NOTIC: [8] Undefined variable: dp D:\wamp64\www\thinkphp_3.2.3_full\Application\Runtime\Cache\Home\2b50e7b019654a0e55d3054239a7eb3d.php 第 29 行.
NOTIC: [8] Undefined variable: D D:\wamp64\www\thinkphp_3.2.3_full\Application\Runtime\Cache\Home\2b50e7b019654a0e55d3054239a7eb3d.php 第 32 行.
NOTIC: [8] Undefined variable: dp D:\wamp64\www\thinkphp_3.2.3_full\Application\Runtime\Cache\Home\2b50e7b019654a0e55d3054239a7eb3d.php 第 32 行.
INFO: Run Behavior\ParseTemplateBehavior [ RunTime:0.045002s ]
INFO: [ view_parse ] --END-- [ RunTime:0.045002s ]
INFO: [ view_filter ] --START--
INFO: Run Behavior\WriteHtmlCacheBehavior [ RunTime:0.001000s ]
INFO: [ view_filter ] --END-- [ RunTime:0.002000s ]
INFO: [ app_end ] --START--
INFO: Run Behavior\ShowPageTraceBehavior [ RunTime:0.004001s ]
INFO: [ app_end ] --END-- [ RunTime:0.005001s ]

[ 2017-12-06T13:49:44+08:00 ] 127.0.0.1 /thinkphp_3.2.3_full/Home/Club/club_list
INFO: [ app_init ] --START--
INFO: Run Behavior\BuildLiteBehavior [ RunTime:0.000000s ]
INFO: [ app_init ] --END-- [ RunTime:0.002000s ]
INFO: [ app_begin ] --START--
INFO: Run Behavior\ReadHtmlCacheBehavior [ RunTime:0.002000s ]
INFO: [ app_begin ] --END-- [ RunTime:0.003000s ]
SQL: SHOW COLUMNS FROM `tp_club` [ RunTime:0.0080s ]
SQL: SELECT * FROM `tp_club` WHERE ( club_status=1 )  [ RunTime:0.0030s ]
SQL: SELECT COUNT(*) AS tp_count FROM `tp_club` WHERE ( club_status=1 ) LIMIT 1   [ RunTime:0.0010s ]
INFO: [ view_parse ] --START--
INFO: [ template_filter ] --START--
INFO: Run Behavior\ContentReplaceBehavior [ RunTime:0.001001s ]
INFO: [ template_filter ] --END-- [ RunTime:0.001001s ]
NOTIC: [8] Undefined variable: D D:\wamp64\www\thinkphp_3.2.3_full\Application\Runtime\Cache\Home\d0b032b636e181ec3acbd614db6a54ae.php 第 29 行.
NOTIC: [8] Undefined variable: dp D:\wamp64\www\thinkphp_3.2.3_full\Application\Runtime\Cache\Home\d0b032b636e181ec3acbd614db6a54ae.php 第 29 行.
NOTIC: [8] Undefined variable: D D:\wamp64\www\thinkphp_3.2.3_full\Application\Runtime\Cache\Home\d0b032b636e181ec3acbd614db6a54ae.php 第 32 行.
NOTIC: [8] Undefined variable: dp D:\wamp64\www\thinkphp_3.2.3_full\Application\Runtime\Cache\Home\d0b032b636e181ec3acbd614db6a54ae.php 第 32 行.
NOTIC: [8] Undefined index: member_id D:\wamp64\www\thinkphp_3.2.3_full\Application\Runtime\Cache\Home\d0b032b636e181ec3acbd614db6a54ae.php 第 175 行.
INFO: Run Behavior\ParseTemplateBehavior [ RunTime:0.057003s ]
INFO: [ view_parse ] --END-- [ RunTime:0.057003s ]
INFO: [ view_filter ] --START--
INFO: Run Behavior\WriteHtmlCacheBehavior [ RunTime:0.002000s ]
INFO: [ view_filter ] --END-- [ RunTime:0.003000s ]
INFO: [ app_end ] --START--
INFO: Run Behavior\ShowPageTraceBehavior [ RunTime:0.003000s ]
INFO: [ app_end ] --END-- [ RunTime:0.004001s ]

[ 2017-12-06T17:38:54+08:00 ] 127.0.0.1 /thinkphp_3.2.3_full/
INFO: [ app_init ] --START--
INFO: Run Behavior\BuildLiteBehavior [ RunTime:0.000000s ]
INFO: [ app_init ] --END-- [ RunTime:0.002000s ]
INFO: [ app_begin ] --START--
INFO: Run Behavior\ReadHtmlCacheBehavior [ RunTime:0.002000s ]
INFO: [ app_begin ] --END-- [ RunTime:0.002000s ]
INFO: [ view_parse ] --START--
INFO: [ template_filter ] --START--
INFO: Run Behavior\ContentReplaceBehavior [ RunTime:0.001000s ]
INFO: [ template_filter ] --END-- [ RunTime:0.001000s ]
INFO: Run Behavior\ParseTemplateBehavior [ RunTime:0.070004s ]
INFO: [ view_parse ] --END-- [ RunTime:0.071004s ]
INFO: [ view_filter ] --START--
INFO: Run Behavior\WriteHtmlCacheBehavior [ RunTime:0.003000s ]
INFO: [ view_filter ] --END-- [ RunTime:0.006001s ]
INFO: [ app_end ] --START--
INFO: Run Behavior\ShowPageTraceBehavior [ RunTime:0.002000s ]
INFO: [ app_end ] --END-- [ RunTime:0.003000s ]

[ 2017-12-06T17:39:06+08:00 ] 127.0.0.1 /thinkphp_3.2.3_full/Home/Index/index.shtml
INFO: [ app_init ] --START--
INFO: Run Behavior\BuildLiteBehavior [ RunTime:0.000000s ]
INFO: [ app_init ] --END-- [ RunTime:0.002000s ]
INFO: [ app_begin ] --START--
INFO: Run Behavior\ReadHtmlCacheBehavior [ RunTime:0.001000s ]
INFO: [ app_begin ] --END-- [ RunTime:0.002001s ]
INFO: [ view_parse ] --START--
INFO: [ template_filter ] --START--
INFO: Run Behavior\ContentReplaceBehavior [ RunTime:0.000000s ]
INFO: [ template_filter ] --END-- [ RunTime:0.001000s ]
INFO: Run Behavior\ParseTemplateBehavior [ RunTime:0.024001s ]
INFO: [ view_parse ] --END-- [ RunTime:0.024001s ]
INFO: [ view_filter ] --START--
INFO: Run Behavior\WriteHtmlCacheBehavior [ RunTime:0.001000s ]
INFO: [ view_filter ] --END-- [ RunTime:0.003000s ]
INFO: [ app_end ] --START--
INFO: Run Behavior\ShowPageTraceBehavior [ RunTime:0.002000s ]
INFO: [ app_end ] --END-- [ RunTime:0.003000s ]

[ 2017-12-06T17:39:07+08:00 ] 127.0.0.1 /thinkphp_3.2.3_full/Home/Index/verifyImg.shtml
INFO: [ app_init ] --START--
INFO: Run Behavior\BuildLiteBehavior [ RunTime:0.000000s ]
INFO: [ app_init ] --END-- [ RunTime:0.001000s ]
INFO: [ app_begin ] --START--
INFO: Run Behavior\ReadHtmlCacheBehavior [ RunTime:0.001000s ]
INFO: [ app_begin ] --END-- [ RunTime:0.002000s ]
INFO: [ app_end ] --START--
INFO: Run Behavior\ShowPageTraceBehavior [ RunTime:0.001000s ]
INFO: [ app_end ] --END-- [ RunTime:0.001000s ]

[ 2017-12-06T17:39:18+08:00 ] 127.0.0.1 /thinkphp_3.2.3_full/Home/Index/verifyImg/0.5266127549176052
INFO: [ app_init ] --START--
INFO: Run Behavior\BuildLiteBehavior [ RunTime:0.000000s ]
INFO: [ app_init ] --END-- [ RunTime:0.002000s ]
INFO: [ app_begin ] --START--
INFO: Run Behavior\ReadHtmlCacheBehavior [ RunTime:0.003000s ]
INFO: [ app_begin ] --END-- [ RunTime:0.004000s ]
INFO: [ app_end ] --START--
INFO: Run Behavior\ShowPageTraceBehavior [ RunTime:0.004000s ]
INFO: [ app_end ] --END-- [ RunTime:0.005000s ]

[ 2017-12-06T17:39:21+08:00 ] 127.0.0.1 /thinkphp_3.2.3_full/Home/Manager/index.shtml
INFO: [ app_init ] --START--
INFO: Run Behavior\BuildLiteBehavior [ RunTime:0.001000s ]
INFO: [ app_init ] --END-- [ RunTime:0.002000s ]
INFO: [ app_begin ] --START--
INFO: Run Behavior\ReadHtmlCacheBehavior [ RunTime:0.003000s ]
INFO: [ app_begin ] --END-- [ RunTime:0.004000s ]

[ 2017-12-06T17:39:22+08:00 ] 127.0.0.1 /thinkphp_3.2.3_full/Home/Index/index.shtml
INFO: [ app_init ] --START--
INFO: Run Behavior\BuildLiteBehavior [ RunTime:0.001000s ]
INFO: [ app_init ] --END-- [ RunTime:0.002000s ]
INFO: [ app_begin ] --START--
INFO: Run Behavior\ReadHtmlCacheBehavior [ RunTime:0.004000s ]
INFO: [ app_begin ] --END-- [ RunTime:0.004000s ]
SQL: SHOW COLUMNS FROM `tp_manager` [ RunTime:0.0870s ]
SQL: SELECT * FROM `tp_manager` WHERE `mg_name` = 'admin' AND `mg_pwd` = '123' LIMIT 1   [ RunTime:0.0470s ]

[ 2017-12-06T17:39:22+08:00 ] 127.0.0.1 /thinkphp_3.2.3_full/Home/Manager/index.shtml
INFO: [ app_init ] --START--
INFO: Run Behavior\BuildLiteBehavior [ RunTime:0.000000s ]
INFO: [ app_init ] --END-- [ RunTime:0.002000s ]
INFO: [ app_begin ] --START--
INFO: Run Behavior\ReadHtmlCacheBehavior [ RunTime:0.002000s ]
INFO: [ app_begin ] --END-- [ RunTime:0.003000s ]
SQL: SHOW COLUMNS FROM `tp_manager` [ RunTime:0.0130s ]
SQL: SELECT * FROM `tp_manager` WHERE `mg_id` = 1 LIMIT 1   [ RunTime:0.0010s ]
SQL: SHOW COLUMNS FROM `tp_role` [ RunTime:0.0100s ]
SQL: SELECT * FROM `tp_role` WHERE `role_id` = 1 LIMIT 1   [ RunTime:0.0010s ]
SQL: SHOW COLUMNS FROM `tp_auth` [ RunTime:0.0120s ]
SQL: SELECT * FROM `tp_auth` WHERE ( auth_level=0  )  [ RunTime:0.0040s ]
SQL: SELECT * FROM `tp_auth` WHERE ( auth_level=1  )  [ RunTime:0.0010s ]
INFO: [ view_parse ] --START--
INFO: [ template_filter ] --START--
INFO: Run Behavior\ContentReplaceBehavior [ RunTime:0.000000s ]
INFO: [ template_filter ] --END-- [ RunTime:0.001001s ]
NOTIC: [8] Use of undefined constant 系统管理员 - assumed '系统管理员' D:\wamp64\www\thinkphp_3.2.3_full\Application\Runtime\Cache\Home\c112828a634e721f87f0c5cdd1e89d6a.php 第 178 行.
INFO: Run Behavior\ParseTemplateBehavior [ RunTime:0.081005s ]
INFO: [ view_parse ] --END-- [ RunTime:0.082005s ]
INFO: [ view_filter ] --START--
INFO: Run Behavior\WriteHtmlCacheBehavior [ RunTime:0.001000s ]
INFO: [ view_filter ] --END-- [ RunTime:0.002000s ]
INFO: [ app_end ] --START--
INFO: Run Behavior\ShowPageTraceBehavior [ RunTime:0.002000s ]
INFO: [ app_end ] --END-- [ RunTime:0.002000s ]

[ 2017-12-06T17:39:22+08:00 ] 127.0.0.1 /thinkphp_3.2.3_full/Home/Manager/welcome.html
INFO: [ app_init ] --START--
INFO: Run Behavior\BuildLiteBehavior [ RunTime:0.000000s ]
INFO: [ app_init ] --END-- [ RunTime:0.002000s ]
INFO: [ app_begin ] --START--
INFO: Run Behavior\ReadHtmlCacheBehavior [ RunTime:0.002000s ]
INFO: [ app_begin ] --END-- [ RunTime:0.002000s ]
INFO: [ view_parse ] --START--
INFO: [ template_filter ] --START--
INFO: Run Behavior\ContentReplaceBehavior [ RunTime:0.001000s ]
INFO: [ template_filter ] --END-- [ RunTime:0.001000s ]
INFO: Run Behavior\ParseTemplateBehavior [ RunTime:0.042002s ]
INFO: [ view_parse ] --END-- [ RunTime:0.042002s ]
INFO: [ view_filter ] --START--
INFO: Run Behavior\WriteHtmlCacheBehavior [ RunTime:0.001000s ]
INFO: [ view_filter ] --END-- [ RunTime:0.002000s ]
INFO: [ app_end ] --START--
INFO: Run Behavior\ShowPageTraceBehavior [ RunTime:0.002000s ]
INFO: [ app_end ] --END-- [ RunTime:0.002000s ]

[ 2017-12-06T20:58:40+08:00 ] 127.0.0.1 /thinkphp_3.2.3_full/
INFO: [ app_init ] --START--
INFO: Run Behavior\BuildLiteBehavior [ RunTime:0.000000s ]
INFO: [ app_init ] --END-- [ RunTime:0.003000s ]
INFO: [ app_begin ] --START--
INFO: Run Behavior\ReadHtmlCacheBehavior [ RunTime:0.004000s ]
INFO: [ app_begin ] --END-- [ RunTime:0.005000s ]
INFO: [ view_parse ] --START--
INFO: [ template_filter ] --START--
INFO: Run Behavior\ContentReplaceBehavior [ RunTime:0.000000s ]
INFO: [ template_filter ] --END-- [ RunTime:0.002000s ]
INFO: Run Behavior\ParseTemplateBehavior [ RunTime:0.036002s ]
INFO: [ view_parse ] --END-- [ RunTime:0.036002s ]
INFO: [ view_filter ] --START--
INFO: Run Behavior\WriteHtmlCacheBehavior [ RunTime:0.004000s ]
INFO: [ view_filter ] --END-- [ RunTime:0.004000s ]
INFO: [ app_end ] --START--
INFO: Run Behavior\ShowPageTraceBehavior [ RunTime:0.004000s ]
INFO: [ app_end ] --END-- [ RunTime:0.006000s ]

[ 2017-12-06T20:58:41+08:00 ] 127.0.0.1 /thinkphp_3.2.3_full/Home/Index/verifyImg.shtml
INFO: [ app_init ] --START--
INFO: Run Behavior\BuildLiteBehavior [ RunTime:0.000000s ]
INFO: [ app_init ] --END-- [ RunTime:0.002000s ]
INFO: [ app_begin ] --START--
INFO: Run Behavior\ReadHtmlCacheBehavior [ RunTime:0.001000s ]
INFO: [ app_begin ] --END-- [ RunTime:0.002000s ]
INFO: [ app_end ] --START--
INFO: Run Behavior\ShowPageTraceBehavior [ RunTime:0.001000s ]
INFO: [ app_end ] --END-- [ RunTime:0.006000s ]

[ 2017-12-06T20:58:47+08:00 ] 127.0.0.1 /thinkphp_3.2.3_full/Home/Manager/index.shtml
INFO: [ app_init ] --START--
INFO: Run Behavior\BuildLiteBehavior [ RunTime:0.001000s ]
INFO: [ app_init ] --END-- [ RunTime:0.003000s ]
INFO: [ app_begin ] --START--
INFO: Run Behavior\ReadHtmlCacheBehavior [ RunTime:0.002000s ]
INFO: [ app_begin ] --END-- [ RunTime:0.021001s ]

[ 2017-12-06T20:58:47+08:00 ] 127.0.0.1 /thinkphp_3.2.3_full/
INFO: [ app_init ] --START--
INFO: Run Behavior\BuildLiteBehavior [ RunTime:0.001000s ]
INFO: [ app_init ] --END-- [ RunTime:0.006001s ]
INFO: [ app_begin ] --START--
INFO: Run Behavior\ReadHtmlCacheBehavior [ RunTime:0.002001s ]
INFO: [ app_begin ] --END-- [ RunTime:0.003001s ]
SQL: SHOW COLUMNS FROM `tp_manager` [ RunTime:0.0150s ]
SQL: SELECT * FROM `tp_manager` WHERE `mg_name` = 'admin' AND `mg_pwd` = '123' LIMIT 1   [ RunTime:0.0020s ]

[ 2017-12-06T20:58:47+08:00 ] 127.0.0.1 /thinkphp_3.2.3_full/Home/Manager/index.shtml
INFO: [ app_init ] --START--
INFO: Run Behavior\BuildLiteBehavior [ RunTime:0.000000s ]
INFO: [ app_init ] --END-- [ RunTime:0.003000s ]
INFO: [ app_begin ] --START--
INFO: Run Behavior\ReadHtmlCacheBehavior [ RunTime:0.002000s ]
INFO: [ app_begin ] --END-- [ RunTime:0.005000s ]
SQL: SHOW COLUMNS FROM `tp_manager` [ RunTime:0.0080s ]
SQL: SELECT * FROM `tp_manager` WHERE `mg_id` = 1 LIMIT 1   [ RunTime:0.0010s ]
SQL: SHOW COLUMNS FROM `tp_role` [ RunTime:0.0060s ]
SQL: SELECT * FROM `tp_role` WHERE `role_id` = 1 LIMIT 1   [ RunTime:0.0040s ]
SQL: SHOW COLUMNS FROM `tp_auth` [ RunTime:0.0080s ]
SQL: SELECT * FROM `tp_auth` WHERE ( auth_level=0  )  [ RunTime:0.0010s ]
SQL: SELECT * FROM `tp_auth` WHERE ( auth_level=1  )  [ RunTime:0.0020s ]
INFO: [ view_parse ] --START--
INFO: [ template_filter ] --START--
INFO: Run Behavior\ContentReplaceBehavior [ RunTime:0.001000s ]
INFO: [ template_filter ] --END-- [ RunTime:0.002000s ]
NOTIC: [8] Use of undefined constant 系统管理员 - assumed '系统管理员' D:\wamp64\www\thinkphp_3.2.3_full\Application\Runtime\Cache\Home\c112828a634e721f87f0c5cdd1e89d6a.php 第 178 行.
INFO: Run Behavior\ParseTemplateBehavior [ RunTime:0.078004s ]
INFO: [ view_parse ] --END-- [ RunTime:0.079004s ]
INFO: [ view_filter ] --START--
INFO: Run Behavior\WriteHtmlCacheBehavior [ RunTime:0.001000s ]
INFO: [ view_filter ] --END-- [ RunTime:0.002000s ]
INFO: [ app_end ] --START--
INFO: Run Behavior\ShowPageTraceBehavior [ RunTime:0.002001s ]
INFO: [ app_end ] --END-- [ RunTime:0.004001s ]

[ 2017-12-06T20:58:48+08:00 ] 127.0.0.1 /thinkphp_3.2.3_full/Home/Manager/welcome.html
INFO: [ app_init ] --START--
INFO: Run Behavior\BuildLiteBehavior [ RunTime:0.000000s ]
INFO: [ app_init ] --END-- [ RunTime:0.002000s ]
INFO: [ app_begin ] --START--
INFO: Run Behavior\ReadHtmlCacheBehavior [ RunTime:0.002000s ]
INFO: [ app_begin ] --END-- [ RunTime:0.003000s ]
INFO: [ view_parse ] --START--
INFO: [ template_filter ] --START--
INFO: Run Behavior\ContentReplaceBehavior [ RunTime:0.000000s ]
INFO: [ template_filter ] --END-- [ RunTime:0.002001s ]
INFO: Run Behavior\ParseTemplateBehavior [ RunTime:0.034002s ]
INFO: [ view_parse ] --END-- [ RunTime:0.034002s ]
INFO: [ view_filter ] --START--
INFO: Run Behavior\WriteHtmlCacheBehavior [ RunTime:0.002000s ]
INFO: [ view_filter ] --END-- [ RunTime:0.002000s ]
INFO: [ app_end ] --START--
INFO: Run Behavior\ShowPageTraceBehavior [ RunTime:0.002000s ]
INFO: [ app_end ] --END-- [ RunTime:0.004000s ]

[ 2017-12-06T20:58:52+08:00 ] 127.0.0.1 /thinkphp_3.2.3_full/Home/Club/club_list
INFO: [ app_init ] --START--
INFO: Run Behavior\BuildLiteBehavior [ RunTime:0.000000s ]
INFO: [ app_init ] --END-- [ RunTime:0.002000s ]
INFO: [ app_begin ] --START--
INFO: Run Behavior\ReadHtmlCacheBehavior [ RunTime:0.002000s ]
INFO: [ app_begin ] --END-- [ RunTime:0.002000s ]
SQL: SHOW COLUMNS FROM `tp_club` [ RunTime:0.0050s ]
SQL: SELECT * FROM `tp_club` WHERE ( club_status=1 )  [ RunTime:0.0010s ]
SQL: SELECT COUNT(*) AS tp_count FROM `tp_club` WHERE ( club_status=1 ) LIMIT 1   [ RunTime:0.0010s ]
INFO: [ view_parse ] --START--
INFO: [ template_filter ] --START--
INFO: Run Behavior\ContentReplaceBehavior [ RunTime:0.001000s ]
INFO: [ template_filter ] --END-- [ RunTime:0.001000s ]
NOTIC: [8] Undefined variable: D D:\wamp64\www\thinkphp_3.2.3_full\Application\Runtime\Cache\Home\d0b032b636e181ec3acbd614db6a54ae.php 第 29 行.
NOTIC: [8] Undefined variable: dp D:\wamp64\www\thinkphp_3.2.3_full\Application\Runtime\Cache\Home\d0b032b636e181ec3acbd614db6a54ae.php 第 29 行.
NOTIC: [8] Undefined variable: D D:\wamp64\www\thinkphp_3.2.3_full\Application\Runtime\Cache\Home\d0b032b636e181ec3acbd614db6a54ae.php 第 32 行.
NOTIC: [8] Undefined variable: dp D:\wamp64\www\thinkphp_3.2.3_full\Application\Runtime\Cache\Home\d0b032b636e181ec3acbd614db6a54ae.php 第 32 行.
NOTIC: [8] Undefined index: member_id D:\wamp64\www\thinkphp_3.2.3_full\Application\Runtime\Cache\Home\d0b032b636e181ec3acbd614db6a54ae.php 第 175 行.
INFO: Run Behavior\ParseTemplateBehavior [ RunTime:0.088005s ]
INFO: [ view_parse ] --END-- [ RunTime:0.089005s ]
INFO: [ view_filter ] --START--
INFO: Run Behavior\WriteHtmlCacheBehavior [ RunTime:0.002000s ]
INFO: [ view_filter ] --END-- [ RunTime:0.002000s ]
INFO: [ app_end ] --START--
INFO: Run Behavior\ShowPageTraceBehavior [ RunTime:0.002000s ]
INFO: [ app_end ] --END-- [ RunTime:0.007001s ]

[ 2017-12-06T20:59:32+08:00 ] 127.0.0.1 /thinkphp_3.2.3_full/Home/Rewards/rewards_list
INFO: [ app_init ] --START--
INFO: Run Behavior\BuildLiteBehavior [ RunTime:0.000000s ]
INFO: [ app_init ] --END-- [ RunTime:0.004000s ]
INFO: [ app_begin ] --START--
INFO: Run Behavior\ReadHtmlCacheBehavior [ RunTime:0.003000s ]
INFO: [ app_begin ] --END-- [ RunTime:0.003000s ]
SQL: SHOW COLUMNS FROM `tp_rewards` [ RunTime:0.0180s ]
SQL: SELECT * FROM `tp_rewards`  [ RunTime:0.0000s ]
SQL: SELECT COUNT(*) AS tp_count FROM `tp_rewards` LIMIT 1   [ RunTime:0.0010s ]
INFO: [ view_parse ] --START--
INFO: [ template_filter ] --START--
INFO: Run Behavior\ContentReplaceBehavior [ RunTime:0.000000s ]
INFO: [ template_filter ] --END-- [ RunTime:0.001000s ]
NOTIC: [8] Undefined variable: D D:\wamp64\www\thinkphp_3.2.3_full\Application\Runtime\Cache\Home\fc8fa8d4ac43cade74e630569170291d.php 第 29 行.
NOTIC: [8] Undefined variable: dp D:\wamp64\www\thinkphp_3.2.3_full\Application\Runtime\Cache\Home\fc8fa8d4ac43cade74e630569170291d.php 第 29 行.
NOTIC: [8] Undefined variable: D D:\wamp64\www\thinkphp_3.2.3_full\Application\Runtime\Cache\Home\fc8fa8d4ac43cade74e630569170291d.php 第 32 行.
NOTIC: [8] Undefined variable: dp D:\wamp64\www\thinkphp_3.2.3_full\Application\Runtime\Cache\Home\fc8fa8d4ac43cade74e630569170291d.php 第 32 行.
NOTIC: [8] Undefined index: activity_id D:\wamp64\www\thinkphp_3.2.3_full\Application\Runtime\Cache\Home\fc8fa8d4ac43cade74e630569170291d.php 第 79 行.
NOTIC: [8] Undefined index: activity_id D:\wamp64\www\thinkphp_3.2.3_full\Application\Runtime\Cache\Home\fc8fa8d4ac43cade74e630569170291d.php 第 79 行.
NOTIC: [8] Undefined index: member_id D:\wamp64\www\thinkphp_3.2.3_full\Application\Runtime\Cache\Home\fc8fa8d4ac43cade74e630569170291d.php 第 172 行.
INFO: Run Behavior\ParseTemplateBehavior [ RunTime:0.033002s ]
INFO: [ view_parse ] --END-- [ RunTime:0.033002s ]
INFO: [ view_filter ] --START--
INFO: Run Behavior\WriteHtmlCacheBehavior [ RunTime:0.001000s ]
INFO: [ view_filter ] --END-- [ RunTime:0.002000s ]
INFO: [ app_end ] --START--
INFO: Run Behavior\ShowPageTraceBehavior [ RunTime:0.002000s ]
INFO: [ app_end ] --END-- [ RunTime:0.008000s ]

[ 2017-12-06T20:59:35+08:00 ] 127.0.0.1 /thinkphp_3.2.3_full/Home/Manager/logout
INFO: [ app_init ] --START--
INFO: Run Behavior\BuildLiteBehavior [ RunTime:0.000000s ]
INFO: [ app_init ] --END-- [ RunTime:0.002000s ]
INFO: [ app_begin ] --START--
INFO: Run Behavior\ReadHtmlCacheBehavior [ RunTime:0.002000s ]
INFO: [ app_begin ] --END-- [ RunTime:0.002000s ]
INFO: [ view_parse ] --START--
INFO: [ template_filter ] --START--
INFO: Run Behavior\ContentReplaceBehavior [ RunTime:0.001000s ]
INFO: [ template_filter ] --END-- [ RunTime:0.002000s ]
INFO: Run Behavior\ParseTemplateBehavior [ RunTime:0.082004s ]
INFO: [ view_parse ] --END-- [ RunTime:0.083004s ]
INFO: [ view_filter ] --START--
INFO: Run Behavior\WriteHtmlCacheBehavior [ RunTime:0.003000s ]
INFO: [ view_filter ] --END-- [ RunTime:0.004001s ]
INFO: [ app_end ] --START--
INFO: Run Behavior\ShowPageTraceBehavior [ RunTime:0.005000s ]
INFO: [ app_end ] --END-- [ RunTime:0.006000s ]

[ 2017-12-06T20:59:36+08:00 ] 127.0.0.1 /thinkphp_3.2.3_full/Home/Index/index.shtml
INFO: [ app_init ] --START--
INFO: Run Behavior\BuildLiteBehavior [ RunTime:0.000000s ]
INFO: [ app_init ] --END-- [ RunTime:0.003001s ]
INFO: [ app_begin ] --START--
INFO: Run Behavior\ReadHtmlCacheBehavior [ RunTime:0.002000s ]
INFO: [ app_begin ] --END-- [ RunTime:0.002000s ]
INFO: [ view_parse ] --START--
INFO: [ template_filter ] --START--
INFO: Run Behavior\ContentReplaceBehavior [ RunTime:0.001000s ]
INFO: [ template_filter ] --END-- [ RunTime:0.001000s ]
INFO: Run Behavior\ParseTemplateBehavior [ RunTime:0.047002s ]
INFO: [ view_parse ] --END-- [ RunTime:0.049003s ]
INFO: [ view_filter ] --START--
INFO: Run Behavior\WriteHtmlCacheBehavior [ RunTime:0.002000s ]
INFO: [ view_filter ] --END-- [ RunTime:0.002000s ]
INFO: [ app_end ] --START--
INFO: Run Behavior\ShowPageTraceBehavior [ RunTime:0.003001s ]
INFO: [ app_end ] --END-- [ RunTime:0.004001s ]

[ 2017-12-06T20:59:36+08:00 ] 127.0.0.1 /thinkphp_3.2.3_full/Home/Index/verifyImg.shtml
INFO: [ app_init ] --START--
INFO: Run Behavior\BuildLiteBehavior [ RunTime:0.000000s ]
INFO: [ app_init ] --END-- [ RunTime:0.002000s ]
INFO: [ app_begin ] --START--
INFO: Run Behavior\ReadHtmlCacheBehavior [ RunTime:0.002001s ]
INFO: [ app_begin ] --END-- [ RunTime:0.003001s ]
INFO: [ app_end ] --START--
INFO: Run Behavior\ShowPageTraceBehavior [ RunTime:0.003000s ]
INFO: [ app_end ] --END-- [ RunTime:0.003000s ]

[ 2017-12-06T20:59:42+08:00 ] 127.0.0.1 /thinkphp_3.2.3_full/Home/Manager/index.shtml
INFO: [ app_init ] --START--
INFO: Run Behavior\BuildLiteBehavior [ RunTime:0.000000s ]
INFO: [ app_init ] --END-- [ RunTime:0.001000s ]
INFO: [ app_begin ] --START--
INFO: Run Behavior\ReadHtmlCacheBehavior [ RunTime:0.010001s ]
INFO: [ app_begin ] --END-- [ RunTime:0.010001s ]

[ 2017-12-06T20:59:42+08:00 ] 127.0.0.1 /thinkphp_3.2.3_full/Home/Index/index.shtml
INFO: [ app_init ] --START--
INFO: Run Behavior\BuildLiteBehavior [ RunTime:0.000000s ]
INFO: [ app_init ] --END-- [ RunTime:0.001000s ]
INFO: [ app_begin ] --START--
INFO: Run Behavior\ReadHtmlCacheBehavior [ RunTime:0.002000s ]
INFO: [ app_begin ] --END-- [ RunTime:0.005001s ]
SQL: SHOW COLUMNS FROM `tp_student` [ RunTime:0.0370s ]
SQL: SELECT * FROM `tp_student` WHERE `stu_number` = 2014107101 AND `stu_pwd` = '123456' LIMIT 1   [ RunTime:0.0020s ]

[ 2017-12-06T20:59:43+08:00 ] 127.0.0.1 /thinkphp_3.2.3_full/Home/Manager/index.shtml
INFO: [ app_init ] --START--
INFO: Run Behavior\BuildLiteBehavior [ RunTime:0.000000s ]
INFO: [ app_init ] --END-- [ RunTime:0.001000s ]
INFO: [ app_begin ] --START--
INFO: Run Behavior\ReadHtmlCacheBehavior [ RunTime:0.001000s ]
INFO: [ app_begin ] --END-- [ RunTime:0.002000s ]
SQL: SHOW COLUMNS FROM `tp_student` [ RunTime:0.0050s ]
SQL: SELECT * FROM `tp_student` WHERE `stu_id` = 2 LIMIT 1   [ RunTime:0.0010s ]
SQL: SHOW COLUMNS FROM `tp_relation` [ RunTime:0.0150s ]
SQL: SELECT * FROM `tp_relation` WHERE `stu_id` = '2' LIMIT 1   [ RunTime:0.0010s ]
SQL: SHOW COLUMNS FROM `tp_role` [ RunTime:0.0050s ]
SQL: SELECT * FROM `tp_role` WHERE `role_id` = 3 LIMIT 1   [ RunTime:0.0000s ]
SQL: SHOW COLUMNS FROM `tp_auth` [ RunTime:0.0050s ]
SQL: SELECT * FROM `tp_auth` WHERE ( auth_level=0 and auth_id in (2,15,16,17,18,19,20,21,44,45,3,23,24,25,4,26,27,28,5,29,30,31,6,32,34,35,8,38,39,40) )  [ RunTime:0.0010s ]
SQL: SELECT * FROM `tp_auth` WHERE ( auth_level=1 and auth_id in (2,15,16,17,18,19,20,21,44,45,3,23,24,25,4,26,27,28,5,29,30,31,6,32,34,35,8,38,39,40) )  [ RunTime:0.0010s ]
SQL: SELECT `stu_logo` FROM `tp_student` WHERE `stu_number` = 2014107101 LIMIT 1   [ RunTime:0.0010s ]
SQL: SELECT `role_id` FROM `tp_relation` WHERE `stu_id` = '2' LIMIT 1   [ RunTime:0.0010s ]
SQL: SELECT `stu_number` FROM `tp_student` WHERE `stu_id` = 2 LIMIT 1   [ RunTime:0.0010s ]
SQL: SHOW COLUMNS FROM `tp_association_member` [ RunTime:0.0100s ]
SQL: SELECT `member_club`,`member_depart`,`member_position` FROM `tp_association_member` WHERE `member_name` = '叶自强'  [ RunTime:0.0010s ]
INFO: [ view_parse ] --START--
INFO: [ template_filter ] --START--
INFO: Run Behavior\ContentReplaceBehavior [ RunTime:0.001000s ]
INFO: [ template_filter ] --END-- [ RunTime:0.001000s ]
NOTIC: [8] Use of undefined constant 系统管理员 - assumed '系统管理员' D:\wamp64\www\thinkphp_3.2.3_full\Application\Runtime\Cache\Home\c112828a634e721f87f0c5cdd1e89d6a.php 第 178 行.
NOTIC: [8] Use of undefined constant 学生用户 - assumed '学生用户' D:\wamp64\www\thinkphp_3.2.3_full\Application\Runtime\Cache\Home\c112828a634e721f87f0c5cdd1e89d6a.php 第 179 行.
INFO: Run Behavior\ParseTemplateBehavior [ RunTime:0.067004s ]
INFO: [ view_parse ] --END-- [ RunTime:0.067004s ]
INFO: [ view_filter ] --START--
INFO: Run Behavior\WriteHtmlCacheBehavior [ RunTime:0.001000s ]
INFO: [ view_filter ] --END-- [ RunTime:0.002000s ]
INFO: [ app_end ] --START--
INFO: Run Behavior\ShowPageTraceBehavior [ RunTime:0.003000s ]
INFO: [ app_end ] --END-- [ RunTime:0.003000s ]

[ 2017-12-06T20:59:43+08:00 ] 127.0.0.1 /thinkphp_3.2.3_full/Home/Manager/welcome.html
INFO: [ app_init ] --START--
INFO: Run Behavior\BuildLiteBehavior [ RunTime:0.000000s ]
INFO: [ app_init ] --END-- [ RunTime:0.002000s ]
INFO: [ app_begin ] --START--
INFO: Run Behavior\ReadHtmlCacheBehavior [ RunTime:0.001000s ]
INFO: [ app_begin ] --END-- [ RunTime:0.003000s ]
INFO: [ view_parse ] --START--
INFO: [ template_filter ] --START--
INFO: Run Behavior\ContentReplaceBehavior [ RunTime:0.001000s ]
INFO: [ template_filter ] --END-- [ RunTime:0.001000s ]
INFO: Run Behavior\ParseTemplateBehavior [ RunTime:0.030002s ]
INFO: [ view_parse ] --END-- [ RunTime:0.030002s ]
INFO: [ view_filter ] --START--
INFO: Run Behavior\WriteHtmlCacheBehavior [ RunTime:0.002000s ]
INFO: [ view_filter ] --END-- [ RunTime:0.003000s ]
INFO: [ app_end ] --START--
INFO: Run Behavior\ShowPageTraceBehavior [ RunTime:0.002000s ]
INFO: [ app_end ] --END-- [ RunTime:0.003000s ]

[ 2017-12-06T20:59:44+08:00 ] 127.0.0.1 /thinkphp_3.2.3_full/Home/Clubmember/club_member
INFO: [ app_init ] --START--
INFO: Run Behavior\BuildLiteBehavior [ RunTime:0.000000s ]
INFO: [ app_init ] --END-- [ RunTime:0.001000s ]
INFO: [ app_begin ] --START--
INFO: Run Behavior\ReadHtmlCacheBehavior [ RunTime:0.001000s ]
INFO: [ app_begin ] --END-- [ RunTime:0.001000s ]
SQL: SHOW COLUMNS FROM `tp_relation` [ RunTime:0.0030s ]
SQL: SELECT * FROM `tp_relation` WHERE `stu_id` = '2' LIMIT 1   [ RunTime:0.0010s ]
SQL: SHOW COLUMNS FROM `tp_role` [ RunTime:0.0030s ]
SQL: SELECT * FROM `tp_role` WHERE `role_id` = 3 LIMIT 1   [ RunTime:0.0010s ]
SQL: SHOW COLUMNS FROM `tp_student` [ RunTime:0.0030s ]
SQL: SELECT `stu_name` FROM `tp_student` WHERE `stu_id` = 2 LIMIT 1   [ RunTime:0.0010s ]
SQL: SHOW COLUMNS FROM `tp_club` [ RunTime:0.0030s ]
SQL: SELECT `club_name` FROM `tp_club` WHERE `president_name` = '叶自强'  [ RunTime:0.0000s ]
SQL: SHOW COLUMNS FROM `tp_association_member` [ RunTime:0.0030s ]
SQL: SELECT * FROM `tp_association_member` WHERE `member_club` IN ('编程爱好者协会') AND `member_status` = 1  [ RunTime:0.0010s ]
SQL: SELECT COUNT(*) AS tp_count FROM `tp_association_member` WHERE `member_club` IN ('编程爱好者协会') AND `member_status` = 1 LIMIT 1   [ RunTime:0.0000s ]
INFO: [ view_parse ] --START--
INFO: [ template_filter ] --START--
INFO: Run Behavior\ContentReplaceBehavior [ RunTime:0.001000s ]
INFO: [ template_filter ] --END-- [ RunTime:0.001000s ]
NOTIC: [8] Undefined variable: D D:\wamp64\www\thinkphp_3.2.3_full\Application\Runtime\Cache\Home\2b50e7b019654a0e55d3054239a7eb3d.php 第 29 行.
NOTIC: [8] Undefined variable: dp D:\wamp64\www\thinkphp_3.2.3_full\Application\Runtime\Cache\Home\2b50e7b019654a0e55d3054239a7eb3d.php 第 29 行.
NOTIC: [8] Undefined variable: D D:\wamp64\www\thinkphp_3.2.3_full\Application\Runtime\Cache\Home\2b50e7b019654a0e55d3054239a7eb3d.php 第 32 行.
NOTIC: [8] Undefined variable: dp D:\wamp64\www\thinkphp_3.2.3_full\Application\Runtime\Cache\Home\2b50e7b019654a0e55d3054239a7eb3d.php 第 32 行.
INFO: Run Behavior\ParseTemplateBehavior [ RunTime:0.029001s ]
INFO: [ view_parse ] --END-- [ RunTime:0.029001s ]
INFO: [ view_filter ] --START--
INFO: Run Behavior\WriteHtmlCacheBehavior [ RunTime:0.000000s ]
INFO: [ view_filter ] --END-- [ RunTime:0.002001s ]
INFO: [ app_end ] --START--
INFO: Run Behavior\ShowPageTraceBehavior [ RunTime:0.001000s ]
INFO: [ app_end ] --END-- [ RunTime:0.002000s ]

[ 2017-12-06T21:04:54+08:00 ] 127.0.0.1 /thinkphp_3.2.3_full/Home/Manager/logout
INFO: [ app_init ] --START--
INFO: Run Behavior\BuildLiteBehavior [ RunTime:0.001000s ]
INFO: [ app_init ] --END-- [ RunTime:0.002001s ]
INFO: [ app_begin ] --START--
INFO: Run Behavior\ReadHtmlCacheBehavior [ RunTime:0.002000s ]
INFO: [ app_begin ] --END-- [ RunTime:0.002000s ]
INFO: [ view_parse ] --START--
INFO: [ template_filter ] --START--
INFO: Run Behavior\ContentReplaceBehavior [ RunTime:0.001000s ]
INFO: [ template_filter ] --END-- [ RunTime:0.001000s ]
INFO: Run Behavior\ParseTemplateBehavior [ RunTime:0.022001s ]
INFO: [ view_parse ] --END-- [ RunTime:0.022001s ]
INFO: [ view_filter ] --START--
INFO: Run Behavior\WriteHtmlCacheBehavior [ RunTime:0.001000s ]
INFO: [ view_filter ] --END-- [ RunTime:0.002000s ]
INFO: [ app_end ] --START--
INFO: Run Behavior\ShowPageTraceBehavior [ RunTime:0.002000s ]
INFO: [ app_end ] --END-- [ RunTime:0.003000s ]

[ 2017-12-06T21:04:55+08:00 ] 127.0.0.1 /thinkphp_3.2.3_full/Home/Index/index.shtml
INFO: [ app_init ] --START--
INFO: Run Behavior\BuildLiteBehavior [ RunTime:0.000000s ]
INFO: [ app_init ] --END-- [ RunTime:0.001000s ]
INFO: [ app_begin ] --START--
INFO: Run Behavior\ReadHtmlCacheBehavior [ RunTime:0.001000s ]
INFO: [ app_begin ] --END-- [ RunTime:0.003000s ]
INFO: [ view_parse ] --START--
INFO: [ template_filter ] --START--
INFO: Run Behavior\ContentReplaceBehavior [ RunTime:0.001000s ]
INFO: [ template_filter ] --END-- [ RunTime:0.001000s ]
INFO: Run Behavior\ParseTemplateBehavior [ RunTime:0.028002s ]
INFO: [ view_parse ] --END-- [ RunTime:0.029002s ]
INFO: [ view_filter ] --START--
INFO: Run Behavior\WriteHtmlCacheBehavior [ RunTime:0.001000s ]
INFO: [ view_filter ] --END-- [ RunTime:0.003000s ]
INFO: [ app_end ] --START--
INFO: Run Behavior\ShowPageTraceBehavior [ RunTime:0.002000s ]
INFO: [ app_end ] --END-- [ RunTime:0.003000s ]

[ 2017-12-06T21:04:55+08:00 ] 127.0.0.1 /thinkphp_3.2.3_full/Home/Index/verifyImg.shtml
INFO: [ app_init ] --START--
INFO: Run Behavior\BuildLiteBehavior [ RunTime:0.000000s ]
INFO: [ app_init ] --END-- [ RunTime:0.001000s ]
INFO: [ app_begin ] --START--
INFO: Run Behavior\ReadHtmlCacheBehavior [ RunTime:0.002000s ]
INFO: [ app_begin ] --END-- [ RunTime:0.003000s ]
INFO: [ app_end ] --START--
INFO: Run Behavior\ShowPageTraceBehavior [ RunTime:0.004000s ]
INFO: [ app_end ] --END-- [ RunTime:0.004000s ]

[ 2017-12-06T21:05:03+08:00 ] 127.0.0.1 /thinkphp_3.2.3_full/Home/Manager/index.shtml
INFO: [ app_init ] --START--
INFO: Run Behavior\BuildLiteBehavior [ RunTime:0.000000s ]
INFO: [ app_init ] --END-- [ RunTime:0.003000s ]
INFO: [ app_begin ] --START--
INFO: Run Behavior\ReadHtmlCacheBehavior [ RunTime:0.002000s ]
INFO: [ app_begin ] --END-- [ RunTime:0.002000s ]

[ 2017-12-06T21:05:04+08:00 ] 127.0.0.1 /thinkphp_3.2.3_full/Home/Index/index.shtml
INFO: [ app_init ] --START--
INFO: Run Behavior\BuildLiteBehavior [ RunTime:0.000000s ]
INFO: [ app_init ] --END-- [ RunTime:0.003000s ]
INFO: [ app_begin ] --START--
INFO: Run Behavior\ReadHtmlCacheBehavior [ RunTime:0.005000s ]
INFO: [ app_begin ] --END-- [ RunTime:0.006000s ]
SQL: SHOW COLUMNS FROM `tp_student` [ RunTime:0.0090s ]
SQL: SELECT * FROM `tp_student` WHERE `stu_number` = 2014107102 AND `stu_pwd` = '123456789' LIMIT 1   [ RunTime:0.0020s ]

[ 2017-12-06T21:05:04+08:00 ] 127.0.0.1 /thinkphp_3.2.3_full/Home/Manager/index.shtml
INFO: [ app_init ] --START--
INFO: Run Behavior\BuildLiteBehavior [ RunTime:0.000000s ]
INFO: [ app_init ] --END-- [ RunTime:0.003000s ]
INFO: [ app_begin ] --START--
INFO: Run Behavior\ReadHtmlCacheBehavior [ RunTime:0.002001s ]
INFO: [ app_begin ] --END-- [ RunTime:0.003001s ]
SQL: SHOW COLUMNS FROM `tp_student` [ RunTime:0.0070s ]
SQL: SELECT * FROM `tp_student` WHERE `stu_id` = 1 LIMIT 1   [ RunTime:0.0010s ]
SQL: SHOW COLUMNS FROM `tp_relation` [ RunTime:0.0070s ]
SQL: SELECT * FROM `tp_relation` WHERE `stu_id` = '1' LIMIT 1   [ RunTime:0.0020s ]
SQL: SHOW COLUMNS FROM `tp_role` [ RunTime:0.0070s ]
SQL: SELECT * FROM `tp_role` WHERE `role_id` = 2 LIMIT 1   [ RunTime:0.0010s ]
SQL: SHOW COLUMNS FROM `tp_auth` [ RunTime:0.0060s ]
SQL: SELECT * FROM `tp_auth` WHERE ( auth_level=0 and auth_id in (1,10,11,12,13,2,14,15,16,17,18,19,20,21,44,45,52,3,22,23,24,25,4,26,27,28,5,29,30,31,6,32,33,34,35,7,36,37,8,38,39,40) )  [ RunTime:0.0010s ]
SQL: SELECT * FROM `tp_auth` WHERE ( auth_level=1 and auth_id in (1,10,11,12,13,2,14,15,16,17,18,19,20,21,44,45,52,3,22,23,24,25,4,26,27,28,5,29,30,31,6,32,33,34,35,7,36,37,8,38,39,40) )  [ RunTime:0.0020s ]
SQL: SELECT `stu_logo` FROM `tp_student` WHERE `stu_number` = 2014107102 LIMIT 1   [ RunTime:0.0010s ]
SQL: SELECT `role_id` FROM `tp_relation` WHERE `stu_id` = '1' LIMIT 1   [ RunTime:0.0010s ]
SQL: SELECT `stu_number` FROM `tp_student` WHERE `stu_id` = 1 LIMIT 1   [ RunTime:0.0010s ]
SQL: SHOW COLUMNS FROM `tp_association_member` [ RunTime:0.0040s ]
SQL: SELECT `member_club`,`member_depart`,`member_position` FROM `tp_association_member` WHERE `member_name` = '陈志良'  [ RunTime:0.0010s ]
INFO: [ view_parse ] --START--
INFO: [ template_filter ] --START--
INFO: Run Behavior\ContentReplaceBehavior [ RunTime:0.000000s ]
INFO: [ template_filter ] --END-- [ RunTime:0.001000s ]
NOTIC: [8] Use of undefined constant 系统管理员 - assumed '系统管理员' D:\wamp64\www\thinkphp_3.2.3_full\Application\Runtime\Cache\Home\c112828a634e721f87f0c5cdd1e89d6a.php 第 178 行.
NOTIC: [8] Use of undefined constant 学生用户 - assumed '学生用户' D:\wamp64\www\thinkphp_3.2.3_full\Application\Runtime\Cache\Home\c112828a634e721f87f0c5cdd1e89d6a.php 第 179 行.
INFO: Run Behavior\ParseTemplateBehavior [ RunTime:0.082004s ]
INFO: [ view_parse ] --END-- [ RunTime:0.083004s ]
INFO: [ view_filter ] --START--
INFO: Run Behavior\WriteHtmlCacheBehavior [ RunTime:0.003001s ]
INFO: [ view_filter ] --END-- [ RunTime:0.003001s ]
INFO: [ app_end ] --START--
INFO: Run Behavior\ShowPageTraceBehavior [ RunTime:0.004000s ]
INFO: [ app_end ] --END-- [ RunTime:0.005000s ]

[ 2017-12-06T21:05:04+08:00 ] 127.0.0.1 /thinkphp_3.2.3_full/Home/Manager/welcome.html
INFO: [ app_init ] --START--
INFO: Run Behavior\BuildLiteBehavior [ RunTime:0.000000s ]
INFO: [ app_init ] --END-- [ RunTime:0.002000s ]
INFO: [ app_begin ] --START--
INFO: Run Behavior\ReadHtmlCacheBehavior [ RunTime:0.002000s ]
INFO: [ app_begin ] --END-- [ RunTime:0.002000s ]
INFO: [ view_parse ] --START--
INFO: [ template_filter ] --START--
INFO: Run Behavior\ContentReplaceBehavior [ RunTime:0.001000s ]
INFO: [ template_filter ] --END-- [ RunTime:0.001000s ]
INFO: Run Behavior\ParseTemplateBehavior [ RunTime:0.032002s ]
INFO: [ view_parse ] --END-- [ RunTime:0.034002s ]
INFO: [ view_filter ] --START--
INFO: Run Behavior\WriteHtmlCacheBehavior [ RunTime:0.002000s ]
INFO: [ view_filter ] --END-- [ RunTime:0.003000s ]
INFO: [ app_end ] --START--
INFO: Run Behavior\ShowPageTraceBehavior [ RunTime:0.005000s ]
INFO: [ app_end ] --END-- [ RunTime:0.006000s ]

