[ 2017-12-16T14:41:12+08:00 ] 127.0.0.1 /thinkphp_3.2.3_full/
INFO: [ app_init ] --START--
INFO: Run Behavior\BuildLiteBehavior [ RunTime:0.001000s ]
INFO: [ app_init ] --END-- [ RunTime:0.007001s ]
INFO: [ app_begin ] --START--
INFO: Run Behavior\ReadHtmlCacheBehavior [ RunTime:0.007000s ]
INFO: [ app_begin ] --END-- [ RunTime:0.009000s ]
INFO: [ view_parse ] --START--
INFO: [ template_filter ] --START--
INFO: Run Behavior\ContentReplaceBehavior [ RunTime:0.000000s ]
INFO: [ template_filter ] --END-- [ RunTime:0.001000s ]
INFO: Run Behavior\ParseTemplateBehavior [ RunTime:0.061003s ]
INFO: [ view_parse ] --END-- [ RunTime:0.062003s ]
INFO: [ view_filter ] --START--
INFO: Run Behavior\WriteHtmlCacheBehavior [ RunTime:0.002001s ]
INFO: [ view_filter ] --END-- [ RunTime:0.002001s ]
INFO: [ app_end ] --START--
INFO: Run Behavior\ShowPageTraceBehavior [ RunTime:0.002000s ]
INFO: [ app_end ] --END-- [ RunTime:0.002000s ]

[ 2017-12-16T14:41:12+08:00 ] 127.0.0.1 /thinkphp_3.2.3_full/Home/Index/verifyImg.shtml
INFO: [ app_init ] --START--
INFO: Run Behavior\BuildLiteBehavior [ RunTime:0.000000s ]
INFO: [ app_init ] --END-- [ RunTime:0.004001s ]
INFO: [ app_begin ] --START--
INFO: Run Behavior\ReadHtmlCacheBehavior [ RunTime:0.004000s ]
INFO: [ app_begin ] --END-- [ RunTime:0.005000s ]
INFO: [ app_end ] --START--
INFO: Run Behavior\ShowPageTraceBehavior [ RunTime:0.002000s ]
INFO: [ app_end ] --END-- [ RunTime:0.003000s ]

[ 2017-12-16T14:41:50+08:00 ] 127.0.0.1 /thinkphp_3.2.3_full/Home/Manager/index.shtml
INFO: [ app_init ] --START--
INFO: Run Behavior\BuildLiteBehavior [ RunTime:0.001000s ]
INFO: [ app_init ] --END-- [ RunTime:0.002000s ]
INFO: [ app_begin ] --START--
INFO: Run Behavior\ReadHtmlCacheBehavior [ RunTime:0.002000s ]
INFO: [ app_begin ] --END-- [ RunTime:0.003000s ]

[ 2017-12-16T14:41:50+08:00 ] 127.0.0.1 /thinkphp_3.2.3_full/
INFO: [ app_init ] --START--
INFO: Run Behavior\BuildLiteBehavior [ RunTime:0.000000s ]
INFO: [ app_init ] --END-- [ RunTime:0.002000s ]
INFO: [ app_begin ] --START--
INFO: Run Behavior\ReadHtmlCacheBehavior [ RunTime:0.003000s ]
INFO: [ app_begin ] --END-- [ RunTime:0.011001s ]
INFO: [ view_parse ] --START--
INFO: [ template_filter ] --START--
INFO: Run Behavior\ContentReplaceBehavior [ RunTime:0.001000s ]
INFO: [ template_filter ] --END-- [ RunTime:0.001000s ]
INFO: Run Behavior\ParseTemplateBehavior [ RunTime:0.074005s ]
INFO: [ view_parse ] --END-- [ RunTime:0.074005s ]
INFO: [ view_filter ] --START--
INFO: Run Behavior\WriteHtmlCacheBehavior [ RunTime:0.001000s ]
INFO: [ view_filter ] --END-- [ RunTime:0.002000s ]

[ 2017-12-16T14:41:52+08:00 ] 127.0.0.1 /thinkphp_3.2.3_full/Home/Index/index.shtml
INFO: [ app_init ] --START--
INFO: Run Behavior\BuildLiteBehavior [ RunTime:0.001000s ]
INFO: [ app_init ] --END-- [ RunTime:0.002000s ]
INFO: [ app_begin ] --START--
INFO: Run Behavior\ReadHtmlCacheBehavior [ RunTime:0.002000s ]
INFO: [ app_begin ] --END-- [ RunTime:0.002000s ]
INFO: [ view_parse ] --START--
INFO: [ template_filter ] --START--
INFO: Run Behavior\ContentReplaceBehavior [ RunTime:0.000000s ]
INFO: [ template_filter ] --END-- [ RunTime:0.001000s ]
INFO: Run Behavior\ParseTemplateBehavior [ RunTime:0.028002s ]
INFO: [ view_parse ] --END-- [ RunTime:0.029002s ]
INFO: [ view_filter ] --START--
INFO: Run Behavior\WriteHtmlCacheBehavior [ RunTime:0.001000s ]
INFO: [ view_filter ] --END-- [ RunTime:0.001000s ]
INFO: [ app_end ] --START--
INFO: Run Behavior\ShowPageTraceBehavior [ RunTime:0.002000s ]
INFO: [ app_end ] --END-- [ RunTime:0.003000s ]

[ 2017-12-16T14:41:52+08:00 ] 127.0.0.1 /thinkphp_3.2.3_full/Home/Index/verifyImg.shtml
INFO: [ app_init ] --START--
INFO: Run Behavior\BuildLiteBehavior [ RunTime:0.000000s ]
INFO: [ app_init ] --END-- [ RunTime:0.001000s ]
INFO: [ app_begin ] --START--
INFO: Run Behavior\ReadHtmlCacheBehavior [ RunTime:0.002000s ]
INFO: [ app_begin ] --END-- [ RunTime:0.002000s ]
INFO: [ app_end ] --START--
INFO: Run Behavior\ShowPageTraceBehavior [ RunTime:0.006000s ]
INFO: [ app_end ] --END-- [ RunTime:0.007000s ]

[ 2017-12-16T14:42:08+08:00 ] 127.0.0.1 /thinkphp_3.2.3_full/Home/Manager/index.shtml
INFO: [ app_init ] --START--
INFO: Run Behavior\BuildLiteBehavior [ RunTime:0.000000s ]
INFO: [ app_init ] --END-- [ RunTime:0.001000s ]
INFO: [ app_begin ] --START--
INFO: Run Behavior\ReadHtmlCacheBehavior [ RunTime:0.036002s ]
INFO: [ app_begin ] --END-- [ RunTime:0.036002s ]

[ 2017-12-16T14:42:09+08:00 ] 127.0.0.1 /thinkphp_3.2.3_full/Home/Index/index.shtml
INFO: [ app_init ] --START--
INFO: Run Behavior\BuildLiteBehavior [ RunTime:0.000000s ]
INFO: [ app_init ] --END-- [ RunTime:0.004000s ]
INFO: [ app_begin ] --START--
INFO: Run Behavior\ReadHtmlCacheBehavior [ RunTime:0.008000s ]
INFO: [ app_begin ] --END-- [ RunTime:0.010001s ]
SQL: SHOW COLUMNS FROM `tp_student` [ RunTime:0.0680s ]
SQL: SELECT * FROM `tp_student` WHERE `stu_number` = 2014107106 AND `stu_pwd` = '123456' LIMIT 1   [ RunTime:0.0010s ]

[ 2017-12-16T14:42:09+08:00 ] 127.0.0.1 /thinkphp_3.2.3_full/Home/Manager/index.shtml
INFO: [ app_init ] --START--
INFO: Run Behavior\BuildLiteBehavior [ RunTime:0.000000s ]
INFO: [ app_init ] --END-- [ RunTime:0.002001s ]
INFO: [ app_begin ] --START--
INFO: Run Behavior\ReadHtmlCacheBehavior [ RunTime:0.002000s ]
INFO: [ app_begin ] --END-- [ RunTime:0.003000s ]
SQL: SHOW COLUMNS FROM `tp_student` [ RunTime:0.0060s ]
SQL: SELECT * FROM `tp_student` WHERE `stu_id` = 6 LIMIT 1   [ RunTime:0.0020s ]
SQL: SHOW COLUMNS FROM `tp_relation` [ RunTime:0.0890s ]
SQL: SELECT * FROM `tp_relation` WHERE `stu_id` = '6' LIMIT 1   [ RunTime:0.0450s ]
SQL: SHOW COLUMNS FROM `tp_role` [ RunTime:0.1540s ]
SQL: SELECT * FROM `tp_role` WHERE `role_id` = 4 LIMIT 1   [ RunTime:0.0030s ]
SQL: SHOW COLUMNS FROM `tp_auth` [ RunTime:0.0360s ]
SQL: SELECT * FROM `tp_auth` WHERE ( auth_level=0 and auth_id in (2,16,18,44,45,3,25,4,28,5,31) )  [ RunTime:0.0020s ]
SQL: SELECT * FROM `tp_auth` WHERE ( auth_level=1 and auth_id in (2,16,18,44,45,3,25,4,28,5,31) )  [ RunTime:0.0020s ]
SQL: SELECT `stu_logo` FROM `tp_student` WHERE `stu_number` = 2014107106 LIMIT 1   [ RunTime:0.0020s ]
SQL: SELECT `role_id` FROM `tp_relation` WHERE `stu_id` = '6' LIMIT 1   [ RunTime:0.0020s ]
SQL: SELECT `stu_number` FROM `tp_student` WHERE `stu_id` = 6 LIMIT 1   [ RunTime:0.0020s ]
SQL: SHOW COLUMNS FROM `tp_association_member` [ RunTime:0.0230s ]
SQL: SELECT `member_club`,`member_depart`,`member_position` FROM `tp_association_member` WHERE `member_name` = '徐海强'  [ RunTime:0.0010s ]
INFO: [ view_parse ] --START--
INFO: [ template_filter ] --START--
INFO: Run Behavior\ContentReplaceBehavior [ RunTime:0.000000s ]
INFO: [ template_filter ] --END-- [ RunTime:0.001001s ]
NOTIC: [8] Use of undefined constant 系统管理员 - assumed '系统管理员' D:\wamp64\www\thinkphp_3.2.3_full\Application\Runtime\Cache\Home\c112828a634e721f87f0c5cdd1e89d6a.php 第 178 行.
NOTIC: [8] Use of undefined constant 学生用户 - assumed '学生用户' D:\wamp64\www\thinkphp_3.2.3_full\Application\Runtime\Cache\Home\c112828a634e721f87f0c5cdd1e89d6a.php 第 179 行.
INFO: Run Behavior\ParseTemplateBehavior [ RunTime:0.167009s ]
INFO: [ view_parse ] --END-- [ RunTime:0.169009s ]
INFO: [ view_filter ] --START--
INFO: Run Behavior\WriteHtmlCacheBehavior [ RunTime:0.002000s ]
INFO: [ view_filter ] --END-- [ RunTime:0.003000s ]
INFO: [ app_end ] --START--
INFO: Run Behavior\ShowPageTraceBehavior [ RunTime:0.007000s ]
INFO: [ app_end ] --END-- [ RunTime:0.008000s ]

[ 2017-12-16T14:42:10+08:00 ] 127.0.0.1 /thinkphp_3.2.3_full/Home/Manager/welcome.html
INFO: [ app_init ] --START--
INFO: Run Behavior\BuildLiteBehavior [ RunTime:0.000000s ]
INFO: [ app_init ] --END-- [ RunTime:0.003000s ]
INFO: [ app_begin ] --START--
INFO: Run Behavior\ReadHtmlCacheBehavior [ RunTime:0.003000s ]
INFO: [ app_begin ] --END-- [ RunTime:0.004000s ]
INFO: [ view_parse ] --START--
INFO: [ template_filter ] --START--
INFO: Run Behavior\ContentReplaceBehavior [ RunTime:0.000000s ]
INFO: [ template_filter ] --END-- [ RunTime:0.002000s ]
INFO: Run Behavior\ParseTemplateBehavior [ RunTime:0.083004s ]
INFO: [ view_parse ] --END-- [ RunTime:0.084004s ]
INFO: [ view_filter ] --START--
INFO: Run Behavior\WriteHtmlCacheBehavior [ RunTime:0.003000s ]
INFO: [ view_filter ] --END-- [ RunTime:0.004000s ]
INFO: [ app_end ] --START--
INFO: Run Behavior\ShowPageTraceBehavior [ RunTime:0.004000s ]
INFO: [ app_end ] --END-- [ RunTime:0.007000s ]

