[ 2017-11-28T20:57:50+08:00 ] ::1 /thinkphp_3.2.3_full/index.php/Shopping/
INFO: [ app_init ] --START--
INFO: Run Behavior\BuildLiteBehavior [ RunTime:0.000000s ]
INFO: [ app_init ] --END-- [ RunTime:0.001000s ]
ERR: 无法加载模块:Shopping

[ 2017-11-28T20:57:50+08:00 ] ::1 /thinkphp_3.2.3_full/index.php/Shopping/
INFO: [ app_init ] --START--
INFO: Run Behavior\BuildLiteBehavior [ RunTime:0.000000s ]
INFO: [ app_init ] --END-- [ RunTime:0.000000s ]
ERR: 无法加载模块:Shopping

[ 2017-11-28T20:57:51+08:00 ] ::1 /thinkphp_3.2.3_full/index.php/Shopping/
INFO: [ app_init ] --START--
INFO: Run Behavior\BuildLiteBehavior [ RunTime:0.000000s ]
INFO: [ app_init ] --END-- [ RunTime:0.001000s ]
ERR: 无法加载模块:Shopping

[ 2017-11-28T20:57:58+08:00 ] ::1 /thinkphp_3.2.3_full/index.php/Fonrt
INFO: [ app_init ] --START--
INFO: Run Behavior\BuildLiteBehavior [ RunTime:0.000000s ]
INFO: [ app_init ] --END-- [ RunTime:0.000000s ]
ERR: 无法加载模块:Fonrt

[ 2017-11-28T21:03:25+08:00 ] ::1 /thinkphp_3.2.3_full/index.php/about.html
INFO: [ app_init ] --START--
INFO: Run Behavior\BuildLiteBehavior [ RunTime:0.000000s ]
INFO: [ app_init ] --END-- [ RunTime:0.001000s ]
ERR: 无法加载模块:About

[ 2017-11-28T21:03:46+08:00 ] ::1 /thinkphp_3.2.3_full/index.php/news.html
INFO: [ app_init ] --START--
INFO: Run Behavior\BuildLiteBehavior [ RunTime:0.000000s ]
INFO: [ app_init ] --END-- [ RunTime:0.001000s ]
ERR: 无法加载模块:News

[ 2017-11-28T21:21:29+08:00 ] 127.0.0.1 /thinkphp_3.2.3_full/Public/Front/images/xiaomen.jpg
INFO: [ app_init ] --START--
INFO: Run Behavior\BuildLiteBehavior [ RunTime:0.000000s ]
INFO: [ app_init ] --END-- [ RunTime:0.001000s ]
ERR: 无法加载模块:Public

[ 2017-11-28T21:21:30+08:00 ] 127.0.0.1 /thinkphp_3.2.3_full/Public/Front/images/xiaomen.jpg
INFO: [ app_init ] --START--
INFO: Run Behavior\BuildLiteBehavior [ RunTime:0.000000s ]
INFO: [ app_init ] --END-- [ RunTime:0.001000s ]
ERR: 无法加载模块:Public

[ 2017-11-28T21:21:31+08:00 ] 127.0.0.1 /thinkphp_3.2.3_full/Public/Front/images/xiaomen.jpg
INFO: [ app_init ] --START--
INFO: Run Behavior\BuildLiteBehavior [ RunTime:0.000000s ]
INFO: [ app_init ] --END-- [ RunTime:0.001000s ]
ERR: 无法加载模块:Public

[ 2017-11-28T21:21:31+08:00 ] 127.0.0.1 /thinkphp_3.2.3_full/Public/Front/images/xiaomen.jpg
INFO: [ app_init ] --START--
INFO: Run Behavior\BuildLiteBehavior [ RunTime:0.000000s ]
INFO: [ app_init ] --END-- [ RunTime:0.001000s ]
ERR: 无法加载模块:Public

[ 2017-11-28T21:21:38+08:00 ] 127.0.0.1 /thinkphp_3.2.3_full/Public/Front/images/xiaomen.png
INFO: [ app_init ] --START--
INFO: Run Behavior\BuildLiteBehavior [ RunTime:0.000000s ]
INFO: [ app_init ] --END-- [ RunTime:0.001000s ]
ERR: 无法加载模块:Public

[ 2017-11-28T21:21:39+08:00 ] 127.0.0.1 /thinkphp_3.2.3_full/Public/Front/images/xiaomen.png
INFO: [ app_init ] --START--
INFO: Run Behavior\BuildLiteBehavior [ RunTime:0.000000s ]
INFO: [ app_init ] --END-- [ RunTime:0.001000s ]
ERR: 无法加载模块:Public

[ 2017-11-28T21:21:39+08:00 ] 127.0.0.1 /thinkphp_3.2.3_full/Public/Front/images/xiaomen.png
INFO: [ app_init ] --START--
INFO: Run Behavior\BuildLiteBehavior [ RunTime:0.000000s ]
INFO: [ app_init ] --END-- [ RunTime:0.001000s ]
ERR: 无法加载模块:Public

[ 2017-11-28T21:21:40+08:00 ] 127.0.0.1 /thinkphp_3.2.3_full/Public/Front/images/xiaomen.png
INFO: [ app_init ] --START--
INFO: Run Behavior\BuildLiteBehavior [ RunTime:0.000000s ]
INFO: [ app_init ] --END-- [ RunTime:0.001000s ]
ERR: 无法加载模块:Public

[ 2017-11-28T21:21:40+08:00 ] 127.0.0.1 /thinkphp_3.2.3_full/Public/Front/images/xiaomen.png
INFO: [ app_init ] --START--
INFO: Run Behavior\BuildLiteBehavior [ RunTime:0.000000s ]
INFO: [ app_init ] --END-- [ RunTime:0.001000s ]
ERR: 无法加载模块:Public

