[ 2017-12-20T10:48:49+08:00 ] 127.0.0.1 /thinkphp_3.2.3_full/Public/Front/images/prettyPhoto/light_square/btnNext.png
INFO: [ app_init ] --START--
INFO: Run Behavior\BuildLiteBehavior [ RunTime:0.000000s ]
INFO: [ app_init ] --END-- [ RunTime:0.001001s ]
ERR: 无法加载模块:Public

[ 2017-12-20T10:48:49+08:00 ] 127.0.0.1 /thinkphp_3.2.3_full/Public/Front/images/prettyPhoto/light_square/sprite.png
INFO: [ app_init ] --START--
INFO: Run Behavior\BuildLiteBehavior [ RunTime:0.000000s ]
INFO: [ app_init ] --END-- [ RunTime:0.000000s ]
ERR: 无法加载模块:Public

[ 2017-12-20T10:48:50+08:00 ] 127.0.0.1 /thinkphp_3.2.3_full/Public/Front/images/prettyPhoto/light_square/btnPrevious.png
INFO: [ app_init ] --START--
INFO: Run Behavior\BuildLiteBehavior [ RunTime:0.000000s ]
INFO: [ app_init ] --END-- [ RunTime:0.001000s ]
ERR: 无法加载模块:Public

[ 2017-12-20T10:50:30+08:00 ] 127.0.0.1 /thinkphp_3.2.3_full/Public/Front/images/prettyPhoto/light_square/sprite.png
INFO: [ app_init ] --START--
INFO: Run Behavior\BuildLiteBehavior [ RunTime:0.000000s ]
INFO: [ app_init ] --END-- [ RunTime:0.002001s ]
ERR: 无法加载模块:Public

[ 2017-12-20T10:50:30+08:00 ] 127.0.0.1 /thinkphp_3.2.3_full/Public/Front/images/prettyPhoto/light_square/btnNext.png
INFO: [ app_init ] --START--
INFO: Run Behavior\BuildLiteBehavior [ RunTime:0.000000s ]
INFO: [ app_init ] --END-- [ RunTime:0.000000s ]
ERR: 无法加载模块:Public

[ 2017-12-20T10:50:30+08:00 ] 127.0.0.1 /thinkphp_3.2.3_full/Public/Front/images/prettyPhoto/light_square/btnPrevious.png
INFO: [ app_init ] --START--
INFO: Run Behavior\BuildLiteBehavior [ RunTime:0.000000s ]
INFO: [ app_init ] --END-- [ RunTime:0.001000s ]
ERR: 无法加载模块:Public

[ 2017-12-20T10:51:23+08:00 ] 127.0.0.1 /thinkphp_3.2.3_full/Public/Front/images/prettyPhoto/light_square/sprite.png
INFO: [ app_init ] --START--
INFO: Run Behavior\BuildLiteBehavior [ RunTime:0.000000s ]
INFO: [ app_init ] --END-- [ RunTime:0.001000s ]
ERR: 无法加载模块:Public

[ 2017-12-20T10:51:24+08:00 ] 127.0.0.1 /thinkphp_3.2.3_full/Public/Front/images/prettyPhoto/light_square/btnNext.png
INFO: [ app_init ] --START--
INFO: Run Behavior\BuildLiteBehavior [ RunTime:0.000000s ]
INFO: [ app_init ] --END-- [ RunTime:0.002000s ]
ERR: 无法加载模块:Public

[ 2017-12-20T10:51:24+08:00 ] 127.0.0.1 /thinkphp_3.2.3_full/Public/Front/images/prettyPhoto/light_square/btnPrevious.png
INFO: [ app_init ] --START--
INFO: Run Behavior\BuildLiteBehavior [ RunTime:0.000000s ]
INFO: [ app_init ] --END-- [ RunTime:0.001000s ]
ERR: 无法加载模块:Public

[ 2017-12-20T10:51:28+08:00 ] 127.0.0.1 /thinkphp_3.2.3_full/Public/Front/images/prettyPhoto/light_square/sprite.png
INFO: [ app_init ] --START--
INFO: Run Behavior\BuildLiteBehavior [ RunTime:0.000000s ]
INFO: [ app_init ] --END-- [ RunTime:0.001000s ]
ERR: 无法加载模块:Public

[ 2017-12-20T10:51:28+08:00 ] 127.0.0.1 /thinkphp_3.2.3_full/Public/Front/images/prettyPhoto/light_square/btnPrevious.png
INFO: [ app_init ] --START--
INFO: Run Behavior\BuildLiteBehavior [ RunTime:0.000000s ]
INFO: [ app_init ] --END-- [ RunTime:0.001000s ]
ERR: 无法加载模块:Public

[ 2017-12-20T10:51:28+08:00 ] 127.0.0.1 /thinkphp_3.2.3_full/Public/Front/images/prettyPhoto/light_square/btnNext.png
INFO: [ app_init ] --START--
INFO: Run Behavior\BuildLiteBehavior [ RunTime:0.000000s ]
INFO: [ app_init ] --END-- [ RunTime:0.002000s ]
ERR: 无法加载模块:Public

[ 2017-12-20T10:51:31+08:00 ] 127.0.0.1 /thinkphp_3.2.3_full/Public/Front/images/prettyPhoto/light_square/sprite.png
INFO: [ app_init ] --START--
INFO: Run Behavior\BuildLiteBehavior [ RunTime:0.000000s ]
INFO: [ app_init ] --END-- [ RunTime:0.001000s ]
ERR: 无法加载模块:Public

[ 2017-12-20T10:51:31+08:00 ] 127.0.0.1 /thinkphp_3.2.3_full/Public/Front/images/prettyPhoto/light_square/btnPrevious.png
INFO: [ app_init ] --START--
INFO: Run Behavior\BuildLiteBehavior [ RunTime:0.000000s ]
INFO: [ app_init ] --END-- [ RunTime:0.002001s ]
ERR: 无法加载模块:Public

[ 2017-12-20T10:51:31+08:00 ] 127.0.0.1 /thinkphp_3.2.3_full/Public/Front/images/prettyPhoto/light_square/btnNext.png
INFO: [ app_init ] --START--
INFO: Run Behavior\BuildLiteBehavior [ RunTime:0.000000s ]
INFO: [ app_init ] --END-- [ RunTime:0.001000s ]
ERR: 无法加载模块:Public

[ 2017-12-20T10:51:32+08:00 ] 127.0.0.1 /thinkphp_3.2.3_full/Public/Front/images/prettyPhoto/light_square/sprite.png
INFO: [ app_init ] --START--
INFO: Run Behavior\BuildLiteBehavior [ RunTime:0.000000s ]
INFO: [ app_init ] --END-- [ RunTime:0.002001s ]
ERR: 无法加载模块:Public

[ 2017-12-20T10:51:32+08:00 ] 127.0.0.1 /thinkphp_3.2.3_full/Public/Front/images/prettyPhoto/light_square/btnNext.png
INFO: [ app_init ] --START--
INFO: Run Behavior\BuildLiteBehavior [ RunTime:0.000000s ]
INFO: [ app_init ] --END-- [ RunTime:0.001000s ]
ERR: 无法加载模块:Public

[ 2017-12-20T10:51:32+08:00 ] 127.0.0.1 /thinkphp_3.2.3_full/Public/Front/images/prettyPhoto/light_square/btnPrevious.png
INFO: [ app_init ] --START--
INFO: Run Behavior\BuildLiteBehavior [ RunTime:0.000000s ]
INFO: [ app_init ] --END-- [ RunTime:0.000000s ]
ERR: 无法加载模块:Public

[ 2017-12-20T10:51:32+08:00 ] 127.0.0.1 /thinkphp_3.2.3_full/Public/Front/images/prettyPhoto/light_square/sprite.png
INFO: [ app_init ] --START--
INFO: Run Behavior\BuildLiteBehavior [ RunTime:0.000000s ]
INFO: [ app_init ] --END-- [ RunTime:0.001000s ]
ERR: 无法加载模块:Public

[ 2017-12-20T10:51:32+08:00 ] 127.0.0.1 /thinkphp_3.2.3_full/Public/Front/images/prettyPhoto/light_square/btnNext.png
INFO: [ app_init ] --START--
INFO: Run Behavior\BuildLiteBehavior [ RunTime:0.000000s ]
INFO: [ app_init ] --END-- [ RunTime:0.001000s ]
ERR: 无法加载模块:Public

[ 2017-12-20T10:51:32+08:00 ] 127.0.0.1 /thinkphp_3.2.3_full/Public/Front/images/prettyPhoto/light_square/btnPrevious.png
INFO: [ app_init ] --START--
INFO: Run Behavior\BuildLiteBehavior [ RunTime:0.000000s ]
INFO: [ app_init ] --END-- [ RunTime:0.001000s ]
ERR: 无法加载模块:Public

[ 2017-12-20T10:52:32+08:00 ] 127.0.0.1 /thinkphp_3.2.3_full/Public/Front/images/prettyPhoto/light_square/btnNext.png
INFO: [ app_init ] --START--
INFO: Run Behavior\BuildLiteBehavior [ RunTime:0.000000s ]
INFO: [ app_init ] --END-- [ RunTime:0.001000s ]
ERR: 无法加载模块:Public

[ 2017-12-20T10:52:32+08:00 ] 127.0.0.1 /thinkphp_3.2.3_full/Public/Front/images/prettyPhoto/light_square/sprite.png
INFO: [ app_init ] --START--
INFO: Run Behavior\BuildLiteBehavior [ RunTime:0.000000s ]
INFO: [ app_init ] --END-- [ RunTime:0.001000s ]
ERR: 无法加载模块:Public

[ 2017-12-20T10:52:32+08:00 ] 127.0.0.1 /thinkphp_3.2.3_full/Public/Front/images/prettyPhoto/light_square/btnPrevious.png
INFO: [ app_init ] --START--
INFO: Run Behavior\BuildLiteBehavior [ RunTime:0.000000s ]
INFO: [ app_init ] --END-- [ RunTime:0.001000s ]
ERR: 无法加载模块:Public

[ 2017-12-20T10:52:33+08:00 ] 127.0.0.1 /thinkphp_3.2.3_full/Public/Front/images/prettyPhoto/light_square/sprite.png
INFO: [ app_init ] --START--
INFO: Run Behavior\BuildLiteBehavior [ RunTime:0.000000s ]
INFO: [ app_init ] --END-- [ RunTime:0.001000s ]
ERR: 无法加载模块:Public

[ 2017-12-20T10:52:33+08:00 ] 127.0.0.1 /thinkphp_3.2.3_full/Public/Front/images/prettyPhoto/light_square/btnPrevious.png
INFO: [ app_init ] --START--
INFO: Run Behavior\BuildLiteBehavior [ RunTime:0.000000s ]
INFO: [ app_init ] --END-- [ RunTime:0.001000s ]
ERR: 无法加载模块:Public

[ 2017-12-20T10:52:33+08:00 ] 127.0.0.1 /thinkphp_3.2.3_full/Public/Front/images/prettyPhoto/light_square/btnNext.png
INFO: [ app_init ] --START--
INFO: Run Behavior\BuildLiteBehavior [ RunTime:0.000000s ]
INFO: [ app_init ] --END-- [ RunTime:0.001000s ]
ERR: 无法加载模块:Public

[ 2017-12-20T10:52:34+08:00 ] 127.0.0.1 /thinkphp_3.2.3_full/Public/Front/images/prettyPhoto/light_square/sprite.png
INFO: [ app_init ] --START--
INFO: Run Behavior\BuildLiteBehavior [ RunTime:0.000000s ]
INFO: [ app_init ] --END-- [ RunTime:0.001000s ]
ERR: 无法加载模块:Public

[ 2017-12-20T10:52:35+08:00 ] 127.0.0.1 /thinkphp_3.2.3_full/Public/Front/images/prettyPhoto/light_square/btnPrevious.png
INFO: [ app_init ] --START--
INFO: Run Behavior\BuildLiteBehavior [ RunTime:0.000000s ]
INFO: [ app_init ] --END-- [ RunTime:0.001000s ]
ERR: 无法加载模块:Public

[ 2017-12-20T10:52:35+08:00 ] 127.0.0.1 /thinkphp_3.2.3_full/Public/Front/images/prettyPhoto/light_square/btnNext.png
INFO: [ app_init ] --START--
INFO: Run Behavior\BuildLiteBehavior [ RunTime:0.000000s ]
INFO: [ app_init ] --END-- [ RunTime:0.001000s ]
ERR: 无法加载模块:Public

[ 2017-12-20T10:52:35+08:00 ] 127.0.0.1 /thinkphp_3.2.3_full/Public/Front/images/prettyPhoto/light_square/sprite.png
INFO: [ app_init ] --START--
INFO: Run Behavior\BuildLiteBehavior [ RunTime:0.000000s ]
INFO: [ app_init ] --END-- [ RunTime:0.001000s ]
ERR: 无法加载模块:Public

[ 2017-12-20T10:52:35+08:00 ] 127.0.0.1 /thinkphp_3.2.3_full/Public/Front/images/prettyPhoto/light_square/btnPrevious.png
INFO: [ app_init ] --START--
INFO: Run Behavior\BuildLiteBehavior [ RunTime:0.000000s ]
INFO: [ app_init ] --END-- [ RunTime:0.001000s ]
ERR: 无法加载模块:Public

[ 2017-12-20T10:52:35+08:00 ] 127.0.0.1 /thinkphp_3.2.3_full/Public/Front/images/prettyPhoto/light_square/btnNext.png
INFO: [ app_init ] --START--
INFO: Run Behavior\BuildLiteBehavior [ RunTime:0.000000s ]
INFO: [ app_init ] --END-- [ RunTime:0.001000s ]
ERR: 无法加载模块:Public

[ 2017-12-20T13:08:51+08:00 ] 127.0.0.1 /thinkphp_3.2.3_full/Public/Front/images/prettyPhoto/light_square/btnPrevious.png
INFO: [ app_init ] --START--
INFO: Run Behavior\BuildLiteBehavior [ RunTime:0.000000s ]
INFO: [ app_init ] --END-- [ RunTime:0.001000s ]
ERR: 无法加载模块:Public

[ 2017-12-20T13:08:51+08:00 ] 127.0.0.1 /thinkphp_3.2.3_full/Public/Front/images/prettyPhoto/light_square/sprite.png
INFO: [ app_init ] --START--
INFO: Run Behavior\BuildLiteBehavior [ RunTime:0.000000s ]
INFO: [ app_init ] --END-- [ RunTime:0.001000s ]
ERR: 无法加载模块:Public


[ 2017-12-20T14:29:43+08:00 ] 127.0.0.1 /thinkphp_3.2.3_full/Public/Front/images/prettyPhoto/light_square/sprite.png
INFO: [ app_init ] --START--
INFO: Run Behavior\BuildLiteBehavior [ RunTime:0.000000s ]
INFO: [ app_init ] --END-- [ RunTime:0.001000s ]
ERR: 无法加载模块:Public

[ 2017-12-20T14:29:43+08:00 ] 127.0.0.1 /thinkphp_3.2.3_full/Public/Front/images/prettyPhoto/light_square/btnNext.png
INFO: [ app_init ] --START--
INFO: Run Behavior\BuildLiteBehavior [ RunTime:0.000000s ]
INFO: [ app_init ] --END-- [ RunTime:0.001001s ]
ERR: 无法加载模块:Public

[ 2017-12-20T14:29:43+08:00 ] 127.0.0.1 /thinkphp_3.2.3_full/Public/Front/images/prettyPhoto/light_square/btnPrevious.png
INFO: [ app_init ] --START--
INFO: Run Behavior\BuildLiteBehavior [ RunTime:0.000000s ]
INFO: [ app_init ] --END-- [ RunTime:0.001000s ]
ERR: 无法加载模块:Public

[ 2017-12-20T14:31:45+08:00 ] 127.0.0.1 /thinkphp_3.2.3_full/Public/Front/images/prettyPhoto/light_square/sprite.png
INFO: [ app_init ] --START--
INFO: Run Behavior\BuildLiteBehavior [ RunTime:0.000000s ]
INFO: [ app_init ] --END-- [ RunTime:0.001000s ]
ERR: 无法加载模块:Public

[ 2017-12-20T14:31:45+08:00 ] 127.0.0.1 /thinkphp_3.2.3_full/Public/Front/images/prettyPhoto/light_square/btnNext.png
INFO: [ app_init ] --START--
INFO: Run Behavior\BuildLiteBehavior [ RunTime:0.000000s ]
INFO: [ app_init ] --END-- [ RunTime:0.001000s ]
ERR: 无法加载模块:Public

[ 2017-12-20T14:31:45+08:00 ] 127.0.0.1 /thinkphp_3.2.3_full/Public/Front/images/prettyPhoto/light_square/btnPrevious.png
INFO: [ app_init ] --START--
INFO: Run Behavior\BuildLiteBehavior [ RunTime:0.000000s ]
INFO: [ app_init ] --END-- [ RunTime:0.001000s ]
ERR: 无法加载模块:Public

