[ 2017-12-11T16:28:14+08:00 ] 127.0.0.1 /thinkphp_3.2.3_full/Public/Front/images/prettyPhoto/light_square/btnNext.png
INFO: [ app_init ] --START--
INFO: Run Behavior\BuildLiteBehavior [ RunTime:0.000000s ]
INFO: [ app_init ] --END-- [ RunTime:0.002000s ]
ERR: 无法加载模块:Public

[ 2017-12-11T16:28:14+08:00 ] 127.0.0.1 /thinkphp_3.2.3_full/Public/Front/images/prettyPhoto/light_square/sprite.png
INFO: [ app_init ] --START--
INFO: Run Behavior\BuildLiteBehavior [ RunTime:0.000000s ]
INFO: [ app_init ] --END-- [ RunTime:0.002000s ]
ERR: 无法加载模块:Public

[ 2017-12-11T16:28:15+08:00 ] 127.0.0.1 /thinkphp_3.2.3_full/Public/Front/images/prettyPhoto/light_square/btnPrevious.png
INFO: [ app_init ] --START--
INFO: Run Behavior\BuildLiteBehavior [ RunTime:0.000000s ]
INFO: [ app_init ] --END-- [ RunTime:0.003001s ]
ERR: 无法加载模块:Public

[ 2017-12-11T16:28:52+08:00 ] 127.0.0.1 /thinkphp_3.2.3_full/Public/Front/images/job-titlebg.png
INFO: [ app_init ] --START--
INFO: Run Behavior\BuildLiteBehavior [ RunTime:0.000000s ]
INFO: [ app_init ] --END-- [ RunTime:0.001000s ]
ERR: 无法加载模块:Public

[ 2017-12-11T16:28:52+08:00 ] 127.0.0.1 /thinkphp_3.2.3_full/Public/Front/images/prettyPhoto/light_square/sprite.png
INFO: [ app_init ] --START--
INFO: Run Behavior\BuildLiteBehavior [ RunTime:0.000000s ]
INFO: [ app_init ] --END-- [ RunTime:0.002000s ]
ERR: 无法加载模块:Public

[ 2017-12-11T16:28:52+08:00 ] 127.0.0.1 /thinkphp_3.2.3_full/Public/Front/images/prettyPhoto/light_square/btnNext.png
INFO: [ app_init ] --START--
INFO: Run Behavior\BuildLiteBehavior [ RunTime:0.000000s ]
INFO: [ app_init ] --END-- [ RunTime:0.001000s ]
ERR: 无法加载模块:Public

[ 2017-12-11T16:28:52+08:00 ] 127.0.0.1 /thinkphp_3.2.3_full/Public/Front/images/prettyPhoto/light_square/btnPrevious.png
INFO: [ app_init ] --START--
INFO: Run Behavior\BuildLiteBehavior [ RunTime:0.001000s ]
INFO: [ app_init ] --END-- [ RunTime:0.003000s ]
ERR: 无法加载模块:Public

[ 2017-12-11T16:28:56+08:00 ] 127.0.0.1 /thinkphp_3.2.3_full/Public/Front/images/job-titlebg.png
INFO: [ app_init ] --START--
INFO: Run Behavior\BuildLiteBehavior [ RunTime:0.000000s ]
INFO: [ app_init ] --END-- [ RunTime:0.001000s ]
ERR: 无法加载模块:Public

[ 2017-12-11T16:28:56+08:00 ] 127.0.0.1 /thinkphp_3.2.3_full/Public/Front/images/prettyPhoto/light_square/sprite.png
INFO: [ app_init ] --START--
INFO: Run Behavior\BuildLiteBehavior [ RunTime:0.000000s ]
INFO: [ app_init ] --END-- [ RunTime:0.001000s ]
ERR: 无法加载模块:Public

[ 2017-12-11T16:28:56+08:00 ] 127.0.0.1 /thinkphp_3.2.3_full/Public/Front/images/prettyPhoto/light_square/btnNext.png
INFO: [ app_init ] --START--
INFO: Run Behavior\BuildLiteBehavior [ RunTime:0.000000s ]
INFO: [ app_init ] --END-- [ RunTime:0.002000s ]
ERR: 无法加载模块:Public

[ 2017-12-11T16:28:56+08:00 ] 127.0.0.1 /thinkphp_3.2.3_full/Public/Front/images/prettyPhoto/light_square/btnPrevious.png
INFO: [ app_init ] --START--
INFO: Run Behavior\BuildLiteBehavior [ RunTime:0.000000s ]
INFO: [ app_init ] --END-- [ RunTime:0.002000s ]
ERR: 无法加载模块:Public

[ 2017-12-11T16:29:07+08:00 ] 127.0.0.1 /thinkphp_3.2.3_full/Public/Front/images/job-titlebg.png
INFO: [ app_init ] --START--
INFO: Run Behavior\BuildLiteBehavior [ RunTime:0.000000s ]
INFO: [ app_init ] --END-- [ RunTime:0.001000s ]
ERR: 无法加载模块:Public

[ 2017-12-11T16:29:08+08:00 ] 127.0.0.1 /thinkphp_3.2.3_full/Public/Front/images/prettyPhoto/light_square/sprite.png
INFO: [ app_init ] --START--
INFO: Run Behavior\BuildLiteBehavior [ RunTime:0.000000s ]
INFO: [ app_init ] --END-- [ RunTime:0.003000s ]
ERR: 无法加载模块:Public

[ 2017-12-11T16:29:08+08:00 ] 127.0.0.1 /thinkphp_3.2.3_full/Public/Front/images/prettyPhoto/light_square/btnNext.png
INFO: [ app_init ] --START--
INFO: Run Behavior\BuildLiteBehavior [ RunTime:0.000000s ]
INFO: [ app_init ] --END-- [ RunTime:0.002000s ]
ERR: 无法加载模块:Public

[ 2017-12-11T16:29:08+08:00 ] 127.0.0.1 /thinkphp_3.2.3_full/Public/Front/images/prettyPhoto/light_square/btnPrevious.png
INFO: [ app_init ] --START--
INFO: Run Behavior\BuildLiteBehavior [ RunTime:0.000000s ]
INFO: [ app_init ] --END-- [ RunTime:0.002000s ]
ERR: 无法加载模块:Public

[ 2017-12-11T16:29:13+08:00 ] 127.0.0.1 /thinkphp_3.2.3_full/Public/Front/images/job-titlebg.png
INFO: [ app_init ] --START--
INFO: Run Behavior\BuildLiteBehavior [ RunTime:0.000000s ]
INFO: [ app_init ] --END-- [ RunTime:0.001000s ]
ERR: 无法加载模块:Public

[ 2017-12-11T16:29:13+08:00 ] 127.0.0.1 /thinkphp_3.2.3_full/Public/Front/images/prettyPhoto/light_square/sprite.png
INFO: [ app_init ] --START--
INFO: Run Behavior\BuildLiteBehavior [ RunTime:0.001000s ]
INFO: [ app_init ] --END-- [ RunTime:0.003000s ]
ERR: 无法加载模块:Public

[ 2017-12-11T16:29:13+08:00 ] 127.0.0.1 /thinkphp_3.2.3_full/Public/Front/images/prettyPhoto/light_square/btnNext.png
INFO: [ app_init ] --START--
INFO: Run Behavior\BuildLiteBehavior [ RunTime:0.000000s ]
INFO: [ app_init ] --END-- [ RunTime:0.002000s ]
ERR: 无法加载模块:Public

[ 2017-12-11T16:29:13+08:00 ] 127.0.0.1 /thinkphp_3.2.3_full/Public/Front/images/prettyPhoto/light_square/btnPrevious.png
INFO: [ app_init ] --START--
INFO: Run Behavior\BuildLiteBehavior [ RunTime:0.001000s ]
INFO: [ app_init ] --END-- [ RunTime:0.002000s ]
ERR: 无法加载模块:Public

