[ 2017-12-22T21:58:25+08:00 ] 127.0.0.1 /thinkphp_3.2.3_full/Public/Front/images/prettyPhoto/light_square/btnNext.png
INFO: [ app_init ] --START--
INFO: Run Behavior\BuildLiteBehavior [ RunTime:0.000000s ]
INFO: [ app_init ] --END-- [ RunTime:0.000000s ]
ERR: 无法加载模块:Public

[ 2017-12-22T21:58:25+08:00 ] 127.0.0.1 /thinkphp_3.2.3_full/Public/Front/images/prettyPhoto/light_square/sprite.png
INFO: [ app_init ] --START--
INFO: Run Behavior\BuildLiteBehavior [ RunTime:0.000000s ]
INFO: [ app_init ] --END-- [ RunTime:0.001000s ]
ERR: 无法加载模块:Public

[ 2017-12-22T21:58:25+08:00 ] 127.0.0.1 /thinkphp_3.2.3_full/Public/Front/images/prettyPhoto/light_square/btnPrevious.png
INFO: [ app_init ] --START--
INFO: Run Behavior\BuildLiteBehavior [ RunTime:0.000000s ]
INFO: [ app_init ] --END-- [ RunTime:0.001000s ]
ERR: 无法加载模块:Public

[ 2017-12-22T21:59:11+08:00 ] 127.0.0.1 /thinkphp_3.2.3_full/Public/Front/images/bgmenu.png
INFO: [ app_init ] --START--
INFO: Run Behavior\BuildLiteBehavior [ RunTime:0.000000s ]
INFO: [ app_init ] --END-- [ RunTime:0.001000s ]
ERR: 无法加载模块:Public

[ 2017-12-22T21:59:11+08:00 ] 127.0.0.1 /thinkphp_3.2.3_full/Public/Front/images/fjx.gif
INFO: [ app_init ] --START--
INFO: Run Behavior\BuildLiteBehavior [ RunTime:0.001000s ]
INFO: [ app_init ] --END-- [ RunTime:0.001000s ]
ERR: 无法加载模块:Public

[ 2017-12-22T21:59:11+08:00 ] 127.0.0.1 /thinkphp_3.2.3_full/Public/Front/images/menudq.gif
INFO: [ app_init ] --START--
INFO: Run Behavior\BuildLiteBehavior [ RunTime:0.000000s ]
INFO: [ app_init ] --END-- [ RunTime:0.001000s ]
ERR: 无法加载模块:Public

[ 2017-12-22T21:59:11+08:00 ] 127.0.0.1 /thinkphp_3.2.3_full/Public/Front/images/tel.png
INFO: [ app_init ] --START--
INFO: Run Behavior\BuildLiteBehavior [ RunTime:0.000000s ]
INFO: [ app_init ] --END-- [ RunTime:0.001000s ]
ERR: 无法加载模块:Public

[ 2017-12-22T21:59:11+08:00 ] 127.0.0.1 /thinkphp_3.2.3_full/Public/Front/images/sjx.gif
INFO: [ app_init ] --START--
INFO: Run Behavior\BuildLiteBehavior [ RunTime:0.000000s ]
INFO: [ app_init ] --END-- [ RunTime:0.000000s ]
ERR: 无法加载模块:Public

[ 2017-12-22T21:59:11+08:00 ] 127.0.0.1 /thinkphp_3.2.3_full/Public/Front/images/sjx.png
INFO: [ app_init ] --START--
INFO: Run Behavior\BuildLiteBehavior [ RunTime:0.000000s ]
INFO: [ app_init ] --END-- [ RunTime:0.001000s ]
ERR: 无法加载模块:Public

[ 2017-12-22T21:59:11+08:00 ] 127.0.0.1 /thinkphp_3.2.3_full/Public/Front/images/bottomty.gif
INFO: [ app_init ] --START--
INFO: Run Behavior\BuildLiteBehavior [ RunTime:0.000000s ]
INFO: [ app_init ] --END-- [ RunTime:0.001000s ]
ERR: 无法加载模块:Public

[ 2017-12-22T21:59:11+08:00 ] 127.0.0.1 /thinkphp_3.2.3_full/Public/Front/images/copybg.gif
INFO: [ app_init ] --START--
INFO: Run Behavior\BuildLiteBehavior [ RunTime:0.000000s ]
INFO: [ app_init ] --END-- [ RunTime:0.001000s ]
ERR: 无法加载模块:Public

[ 2017-12-22T21:59:11+08:00 ] 127.0.0.1 /thinkphp_3.2.3_full/Public/Front/images/titlepng.png
INFO: [ app_init ] --START--
INFO: Run Behavior\BuildLiteBehavior [ RunTime:0.000000s ]
INFO: [ app_init ] --END-- [ RunTime:0.001000s ]
ERR: 无法加载模块:Public

[ 2017-12-22T21:59:11+08:00 ] 127.0.0.1 /thinkphp_3.2.3_full/Public/Front/images/prettyPhoto/light_square/sprite.png
INFO: [ app_init ] --START--
INFO: Run Behavior\BuildLiteBehavior [ RunTime:0.000000s ]
INFO: [ app_init ] --END-- [ RunTime:0.001000s ]
ERR: 无法加载模块:Public

[ 2017-12-22T21:59:11+08:00 ] 127.0.0.1 /thinkphp_3.2.3_full/Public/Front/images/prettyPhoto/light_square/btnNext.png
INFO: [ app_init ] --START--
INFO: Run Behavior\BuildLiteBehavior [ RunTime:0.001000s ]
INFO: [ app_init ] --END-- [ RunTime:0.001000s ]
ERR: 无法加载模块:Public

[ 2017-12-22T21:59:11+08:00 ] 127.0.0.1 /thinkphp_3.2.3_full/Public/Front/images/prettyPhoto/light_square/btnPrevious.png
INFO: [ app_init ] --START--
INFO: Run Behavior\BuildLiteBehavior [ RunTime:0.000000s ]
INFO: [ app_init ] --END-- [ RunTime:0.001001s ]
ERR: 无法加载模块:Public

[ 2017-12-22T21:59:16+08:00 ] 127.0.0.1 /thinkphp_3.2.3_full/Public/Front/images/bgmenu.png
INFO: [ app_init ] --START--
INFO: Run Behavior\BuildLiteBehavior [ RunTime:0.000000s ]
INFO: [ app_init ] --END-- [ RunTime:0.001000s ]
ERR: 无法加载模块:Public

[ 2017-12-22T21:59:16+08:00 ] 127.0.0.1 /thinkphp_3.2.3_full/Public/Front/images/fjx.gif
INFO: [ app_init ] --START--
INFO: Run Behavior\BuildLiteBehavior [ RunTime:0.000000s ]
INFO: [ app_init ] --END-- [ RunTime:0.000000s ]
ERR: 无法加载模块:Public

[ 2017-12-22T21:59:16+08:00 ] 127.0.0.1 /thinkphp_3.2.3_full/Public/Front/images/tel.png
INFO: [ app_init ] --START--
INFO: Run Behavior\BuildLiteBehavior [ RunTime:0.000000s ]
INFO: [ app_init ] --END-- [ RunTime:0.001000s ]
ERR: 无法加载模块:Public



[ 2017-12-22T21:59:16+08:00 ] 127.0.0.1 /thinkphp_3.2.3_full/Public/Front/images/sjx.png
INFO: [ app_init ] --START--
INFO: Run Behavior\BuildLiteBehavior [ RunTime:0.000000s ]
INFO: [ app_init ] --END-- [ RunTime:0.001000s ]
ERR: 无法加载模块:Public

[ 2017-12-22T21:59:16+08:00 ] 127.0.0.1 /thinkphp_3.2.3_full/Public/Front/images/sjx.gif
INFO: [ app_init ] --START--
INFO: Run Behavior\BuildLiteBehavior [ RunTime:0.000000s ]
INFO: [ app_init ] --END-- [ RunTime:0.001000s ]
ERR: 无法加载模块:Public

[ 2017-12-22T21:59:16+08:00 ] 127.0.0.1 /thinkphp_3.2.3_full/Public/Front/images/bottomty.gif
INFO: [ app_init ] --START--
INFO: Run Behavior\BuildLiteBehavior [ RunTime:0.000000s ]
INFO: [ app_init ] --END-- [ RunTime:0.001000s ]
ERR: 无法加载模块:Public

[ 2017-12-22T21:59:16+08:00 ] 127.0.0.1 /thinkphp_3.2.3_full/Public/Front/images/copybg.gif
INFO: [ app_init ] --START--
INFO: Run Behavior\BuildLiteBehavior [ RunTime:0.000000s ]
INFO: [ app_init ] --END-- [ RunTime:0.001000s ]
ERR: 无法加载模块:Public

[ 2017-12-22T21:59:16+08:00 ] 127.0.0.1 /thinkphp_3.2.3_full/Public/Front/images/titlepng.png
INFO: [ app_init ] --START--
INFO: Run Behavior\BuildLiteBehavior [ RunTime:0.000000s ]
INFO: [ app_init ] --END-- [ RunTime:0.001000s ]
ERR: 无法加载模块:Public

[ 2017-12-22T21:59:16+08:00 ] 127.0.0.1 /thinkphp_3.2.3_full/Public/Front/images/prettyPhoto/light_square/sprite.png
INFO: [ app_init ] --START--
INFO: Run Behavior\BuildLiteBehavior [ RunTime:0.000000s ]
INFO: [ app_init ] --END-- [ RunTime:0.000000s ]
ERR: 无法加载模块:Public

[ 2017-12-22T21:59:16+08:00 ] 127.0.0.1 /thinkphp_3.2.3_full/Public/Front/images/prettyPhoto/light_square/btnNext.png
INFO: [ app_init ] --START--
INFO: Run Behavior\BuildLiteBehavior [ RunTime:0.000000s ]
INFO: [ app_init ] --END-- [ RunTime:0.001000s ]
ERR: 无法加载模块:Public

[ 2017-12-22T21:59:16+08:00 ] 127.0.0.1 /thinkphp_3.2.3_full/Public/Front/images/prettyPhoto/light_square/btnPrevious.png
INFO: [ app_init ] --START--
INFO: Run Behavior\BuildLiteBehavior [ RunTime:0.000000s ]
INFO: [ app_init ] --END-- [ RunTime:0.001001s ]
ERR: 无法加载模块:Public

