[ 2017-11-29T11:24:42+08:00 ] 127.0.0.1 /thinkphp_3.2.3_full/Public/Front/images/shetuanlianhehui.jpg
INFO: [ app_init ] --START--
INFO: Run Behavior\BuildLiteBehavior [ RunTime:0.000000s ]
INFO: [ app_init ] --END-- [ RunTime:0.000000s ]
ERR: 无法加载模块:Public

[ 2017-11-29T11:24:44+08:00 ] 127.0.0.1 /thinkphp_3.2.3_full/Public/Front/images/shetuanlianhehui.jpg
INFO: [ app_init ] --START--
INFO: Run Behavior\BuildLiteBehavior [ RunTime:0.000000s ]
INFO: [ app_init ] --END-- [ RunTime:0.001000s ]
ERR: 无法加载模块:Public

[ 2017-11-29T11:24:44+08:00 ] 127.0.0.1 /thinkphp_3.2.3_full/Public/Front/images/shetuanlianhehui.jpg
INFO: [ app_init ] --START--
INFO: Run Behavior\BuildLiteBehavior [ RunTime:0.000000s ]
INFO: [ app_init ] --END-- [ RunTime:0.001001s ]
ERR: 无法加载模块:Public

[ 2017-11-29T11:24:44+08:00 ] 127.0.0.1 /thinkphp_3.2.3_full/Public/Front/images/shetuanlianhehui.jpg
INFO: [ app_init ] --START--
INFO: Run Behavior\BuildLiteBehavior [ RunTime:0.000000s ]
INFO: [ app_init ] --END-- [ RunTime:0.001000s ]
ERR: 无法加载模块:Public

[ 2017-11-29T13:13:42+08:00 ] 127.0.0.1 /thinkphp_3.2.3_full/Public/js/jquery.imgbox.pack.js
INFO: [ app_init ] --START--
INFO: Run Behavior\BuildLiteBehavior [ RunTime:0.000000s ]
INFO: [ app_init ] --END-- [ RunTime:0.000000s ]
ERR: 无法加载模块:Public

[ 2017-11-29T13:14:00+08:00 ] 127.0.0.1 /thinkphp_3.2.3_full/Public/js/jquery.imgbox.pack.js
INFO: [ app_init ] --START--
INFO: Run Behavior\BuildLiteBehavior [ RunTime:0.000000s ]
INFO: [ app_init ] --END-- [ RunTime:0.001000s ]
ERR: 无法加载模块:Public

[ 2017-11-29T13:14:01+08:00 ] 127.0.0.1 /thinkphp_3.2.3_full/Public/js/jquery.imgbox.pack.js
INFO: [ app_init ] --START--
INFO: Run Behavior\BuildLiteBehavior [ RunTime:0.000000s ]
INFO: [ app_init ] --END-- [ RunTime:0.000000s ]
ERR: 无法加载模块:Public

[ 2017-11-29T13:14:02+08:00 ] 127.0.0.1 /thinkphp_3.2.3_full/Public/js/jquery.imgbox.pack.js
INFO: [ app_init ] --START--
INFO: Run Behavior\BuildLiteBehavior [ RunTime:0.000000s ]
INFO: [ app_init ] --END-- [ RunTime:0.000000s ]
ERR: 无法加载模块:Public

[ 2017-11-29T13:14:03+08:00 ] 127.0.0.1 /thinkphp_3.2.3_full/Public/js/jquery.imgbox.pack.js
INFO: [ app_init ] --START--
INFO: Run Behavior\BuildLiteBehavior [ RunTime:0.000000s ]
INFO: [ app_init ] --END-- [ RunTime:0.001000s ]
ERR: 无法加载模块:Public

[ 2017-11-29T13:14:04+08:00 ] 127.0.0.1 /thinkphp_3.2.3_full/Public/js/jquery.imgbox.pack.js
INFO: [ app_init ] --START--
INFO: Run Behavior\BuildLiteBehavior [ RunTime:0.000000s ]
INFO: [ app_init ] --END-- [ RunTime:0.000000s ]
ERR: 无法加载模块:Public

[ 2017-11-29T13:14:05+08:00 ] 127.0.0.1 /thinkphp_3.2.3_full/Public/js/jquery.imgbox.pack.js
INFO: [ app_init ] --START--
INFO: Run Behavior\BuildLiteBehavior [ RunTime:0.000000s ]
INFO: [ app_init ] --END-- [ RunTime:0.000000s ]
ERR: 无法加载模块:Public

[ 2017-11-29T13:14:06+08:00 ] 127.0.0.1 /thinkphp_3.2.3_full/Public/js/jquery.imgbox.pack.js
INFO: [ app_init ] --START--
INFO: Run Behavior\BuildLiteBehavior [ RunTime:0.000000s ]
INFO: [ app_init ] --END-- [ RunTime:0.001000s ]
ERR: 无法加载模块:Public

[ 2017-11-29T13:14:07+08:00 ] 127.0.0.1 /thinkphp_3.2.3_full/Public/js/jquery.imgbox.pack.js
INFO: [ app_init ] --START--
INFO: Run Behavior\BuildLiteBehavior [ RunTime:0.000000s ]
INFO: [ app_init ] --END-- [ RunTime:0.000000s ]
ERR: 无法加载模块:Public

[ 2017-11-29T13:14:19+08:00 ] 127.0.0.1 /thinkphp_3.2.3_full/Public/js/jquery.imgbox.pack.js
INFO: [ app_init ] --START--
INFO: Run Behavior\BuildLiteBehavior [ RunTime:0.001000s ]
INFO: [ app_init ] --END-- [ RunTime:0.001000s ]
ERR: 无法加载模块:Public

