[ 2018-03-06T18:02:02+08:00 ] ::1 /thinkphp_3.2.3_full/Font
INFO: [ app_init ] --START--
INFO: Run Behavior\BuildLiteBehavior [ RunTime:0.000000s ]
INFO: [ app_init ] --END-- [ RunTime:0.000000s ]
ERR: 无法加载模块:Font

[ 2018-03-06T18:02:27+08:00 ] ::1 /thinkphp_3.2.3_full/Public/Front/images/prettyPhoto/light_square/btnNext.png
INFO: [ app_init ] --START--
INFO: Run Behavior\BuildLiteBehavior [ RunTime:0.000000s ]
INFO: [ app_init ] --END-- [ RunTime:0.004000s ]
ERR: 无法加载模块:Public

[ 2018-03-06T18:02:27+08:00 ] ::1 /thinkphp_3.2.3_full/Public/Front/images/prettyPhoto/light_square/sprite.png
INFO: [ app_init ] --START--
INFO: Run Behavior\BuildLiteBehavior [ RunTime:0.000000s ]
INFO: [ app_init ] --END-- [ RunTime:0.005000s ]
ERR: 无法加载模块:Public

[ 2018-03-06T18:02:27+08:00 ] ::1 /thinkphp_3.2.3_full/Public/Front/images/prettyPhoto/light_square/btnPrevious.png
INFO: [ app_init ] --START--
INFO: Run Behavior\BuildLiteBehavior [ RunTime:0.000000s ]
INFO: [ app_init ] --END-- [ RunTime:0.004000s ]
ERR: 无法加载模块:Public

[ 2018-03-06T18:03:50+08:00 ] ::1 /thinkphp_3.2.3_full/Public/Front/images/prettyPhoto/light_square/sprite.png
INFO: [ app_init ] --START--
INFO: Run Behavior\BuildLiteBehavior [ RunTime:0.000000s ]
INFO: [ app_init ] --END-- [ RunTime:0.001000s ]
ERR: 无法加载模块:Public


[ 2018-03-06T18:03:50+08:00 ] ::1 /thinkphp_3.2.3_full/Public/Front/images/prettyPhoto/light_square/btnPrevious.png
INFO: [ app_init ] --START--
INFO: Run Behavior\BuildLiteBehavior [ RunTime:0.000000s ]
INFO: [ app_init ] --END-- [ RunTime:0.004000s ]
ERR: 无法加载模块:Public

[ 2018-03-06T18:03:53+08:00 ] ::1 /thinkphp_3.2.3_full/index.html
INFO: [ app_init ] --START--
INFO: Run Behavior\BuildLiteBehavior [ RunTime:0.000000s ]
INFO: [ app_init ] --END-- [ RunTime:0.000000s ]
ERR: 无法加载模块:Index

[ 2018-03-06T18:10:05+08:00 ] 127.0.0.1 /thinkphp_3.2.3_full/Public/Front/images/prettyPhoto/light_square/sprite.png
INFO: [ app_init ] --START--
INFO: Run Behavior\BuildLiteBehavior [ RunTime:0.000000s ]
INFO: [ app_init ] --END-- [ RunTime:0.002000s ]
ERR: 无法加载模块:Public

[ 2018-03-06T18:10:05+08:00 ] 127.0.0.1 /thinkphp_3.2.3_full/Public/Front/images/prettyPhoto/light_square/btnNext.png
INFO: [ app_init ] --START--
INFO: Run Behavior\BuildLiteBehavior [ RunTime:0.000000s ]
INFO: [ app_init ] --END-- [ RunTime:0.002000s ]
ERR: 无法加载模块:Public

[ 2018-03-06T18:10:05+08:00 ] 127.0.0.1 /thinkphp_3.2.3_full/Public/Front/images/prettyPhoto/light_square/btnPrevious.png
INFO: [ app_init ] --START--
INFO: Run Behavior\BuildLiteBehavior [ RunTime:0.000000s ]
INFO: [ app_init ] --END-- [ RunTime:0.001000s ]
ERR: 无法加载模块:Public

[ 2018-03-06T18:11:25+08:00 ] 127.0.0.1 /thinkphp_3.2.3_full/index.html
INFO: [ app_init ] --START--
INFO: Run Behavior\BuildLiteBehavior [ RunTime:0.000000s ]
INFO: [ app_init ] --END-- [ RunTime:0.001000s ]
ERR: 无法加载模块:Index

[ 2018-03-06T18:11:31+08:00 ] 127.0.0.1 /thinkphp_3.2.3_full/index.html
INFO: [ app_init ] --START--
INFO: Run Behavior\BuildLiteBehavior [ RunTime:0.000000s ]
INFO: [ app_init ] --END-- [ RunTime:0.001000s ]
ERR: 无法加载模块:Index

[ 2018-03-06T18:11:33+08:00 ] 127.0.0.1 /thinkphp_3.2.3_full/Public/Front/images/prettyPhoto/light_square/btnNext.png
INFO: [ app_init ] --START--
INFO: Run Behavior\BuildLiteBehavior [ RunTime:0.000000s ]
INFO: [ app_init ] --END-- [ RunTime:0.001000s ]
ERR: 无法加载模块:Public

[ 2018-03-06T18:11:33+08:00 ] 127.0.0.1 /thinkphp_3.2.3_full/Public/Front/images/prettyPhoto/light_square/sprite.png
INFO: [ app_init ] --START--
INFO: Run Behavior\BuildLiteBehavior [ RunTime:0.000000s ]
INFO: [ app_init ] --END-- [ RunTime:0.001000s ]
ERR: 无法加载模块:Public

[ 2018-03-06T18:11:33+08:00 ] 127.0.0.1 /thinkphp_3.2.3_full/Public/Front/images/prettyPhoto/light_square/btnPrevious.png
INFO: [ app_init ] --START--
INFO: Run Behavior\BuildLiteBehavior [ RunTime:0.000000s ]
INFO: [ app_init ] --END-- [ RunTime:0.001000s ]
ERR: 无法加载模块:Public

[ 2018-03-06T18:11:37+08:00 ] 127.0.0.1 /thinkphp_3.2.3_full/index.html
INFO: [ app_init ] --START--
INFO: Run Behavior\BuildLiteBehavior [ RunTime:0.000000s ]
INFO: [ app_init ] --END-- [ RunTime:0.002000s ]
ERR: 无法加载模块:Index

[ 2018-03-06T18:11:39+08:00 ] 127.0.0.1 /thinkphp_3.2.3_full/Public/Front/images/prettyPhoto/light_square/sprite.png
INFO: [ app_init ] --START--
INFO: Run Behavior\BuildLiteBehavior [ RunTime:0.000000s ]
INFO: [ app_init ] --END-- [ RunTime:0.001000s ]
ERR: 无法加载模块:Public

[ 2018-03-06T18:11:39+08:00 ] 127.0.0.1 /thinkphp_3.2.3_full/Public/Front/images/prettyPhoto/light_square/btnNext.png
INFO: [ app_init ] --START--
INFO: Run Behavior\BuildLiteBehavior [ RunTime:0.000000s ]
INFO: [ app_init ] --END-- [ RunTime:0.001000s ]
ERR: 无法加载模块:Public

[ 2018-03-06T18:11:39+08:00 ] 127.0.0.1 /thinkphp_3.2.3_full/Public/Front/images/prettyPhoto/light_square/btnPrevious.png
INFO: [ app_init ] --START--
INFO: Run Behavior\BuildLiteBehavior [ RunTime:0.000000s ]
INFO: [ app_init ] --END-- [ RunTime:0.002000s ]
ERR: 无法加载模块:Public

[ 2018-03-06T18:11:49+08:00 ] 127.0.0.1 /thinkphp_3.2.3_full/Public/Front/images/bgmenu.png
INFO: [ app_init ] --START--
INFO: Run Behavior\BuildLiteBehavior [ RunTime:0.000000s ]
INFO: [ app_init ] --END-- [ RunTime:0.001000s ]
ERR: 无法加载模块:Public

[ 2018-03-06T18:11:49+08:00 ] 127.0.0.1 /thinkphp_3.2.3_full/Public/Front/images/fjx.gif
INFO: [ app_init ] --START--
INFO: Run Behavior\BuildLiteBehavior [ RunTime:0.000000s ]
INFO: [ app_init ] --END-- [ RunTime:0.002000s ]
ERR: 无法加载模块:Public

[ 2018-03-06T18:11:49+08:00 ] 127.0.0.1 /thinkphp_3.2.3_full/Public/Front/images/menudq.gif
INFO: [ app_init ] --START--
INFO: Run Behavior\BuildLiteBehavior [ RunTime:0.000000s ]
INFO: [ app_init ] --END-- [ RunTime:0.000000s ]
ERR: 无法加载模块:Public

[ 2018-03-06T18:11:49+08:00 ] 127.0.0.1 /thinkphp_3.2.3_full/Public/Front/images/tel.png
INFO: [ app_init ] --START--
INFO: Run Behavior\BuildLiteBehavior [ RunTime:0.000000s ]
INFO: [ app_init ] --END-- [ RunTime:0.001000s ]
ERR: 无法加载模块:Public

[ 2018-03-06T18:11:49+08:00 ] 127.0.0.1 /thinkphp_3.2.3_full/Public/Front/images/sjx.gif
INFO: [ app_init ] --START--
INFO: Run Behavior\BuildLiteBehavior [ RunTime:0.001000s ]
INFO: [ app_init ] --END-- [ RunTime:0.002000s ]
ERR: 无法加载模块:Public

[ 2018-03-06T18:11:49+08:00 ] 127.0.0.1 /thinkphp_3.2.3_full/Public/Front/images/sjx.png
INFO: [ app_init ] --START--
INFO: Run Behavior\BuildLiteBehavior [ RunTime:0.000000s ]
INFO: [ app_init ] --END-- [ RunTime:0.001000s ]
ERR: 无法加载模块:Public

[ 2018-03-06T18:11:49+08:00 ] 127.0.0.1 /thinkphp_3.2.3_full/Public/Front/images/bottomty.gif
INFO: [ app_init ] --START--
INFO: Run Behavior\BuildLiteBehavior [ RunTime:0.000000s ]
INFO: [ app_init ] --END-- [ RunTime:0.001000s ]
ERR: 无法加载模块:Public

[ 2018-03-06T18:11:49+08:00 ] 127.0.0.1 /thinkphp_3.2.3_full/Public/Front/images/copybg.gif
INFO: [ app_init ] --START--
INFO: Run Behavior\BuildLiteBehavior [ RunTime:0.000000s ]
INFO: [ app_init ] --END-- [ RunTime:0.001000s ]
ERR: 无法加载模块:Public

[ 2018-03-06T18:11:49+08:00 ] 127.0.0.1 /thinkphp_3.2.3_full/Public/Front/images/titlepng.png
INFO: [ app_init ] --START--
INFO: Run Behavior\BuildLiteBehavior [ RunTime:0.000000s ]
INFO: [ app_init ] --END-- [ RunTime:0.001001s ]
ERR: 无法加载模块:Public

[ 2018-03-06T18:11:49+08:00 ] 127.0.0.1 /thinkphp_3.2.3_full/Public/Front/images/prettyPhoto/light_square/sprite.png
INFO: [ app_init ] --START--
INFO: Run Behavior\BuildLiteBehavior [ RunTime:0.000000s ]
INFO: [ app_init ] --END-- [ RunTime:0.001000s ]
ERR: 无法加载模块:Public

[ 2018-03-06T18:11:49+08:00 ] 127.0.0.1 /thinkphp_3.2.3_full/Public/Front/images/prettyPhoto/light_square/btnNext.png
INFO: [ app_init ] --START--
INFO: Run Behavior\BuildLiteBehavior [ RunTime:0.000000s ]
INFO: [ app_init ] --END-- [ RunTime:0.002000s ]
ERR: 无法加载模块:Public

[ 2018-03-06T18:11:49+08:00 ] 127.0.0.1 /thinkphp_3.2.3_full/Public/Front/images/prettyPhoto/light_square/btnPrevious.png
INFO: [ app_init ] --START--
INFO: Run Behavior\BuildLiteBehavior [ RunTime:0.000000s ]
INFO: [ app_init ] --END-- [ RunTime:0.002000s ]
ERR: 无法加载模块:Public

[ 2018-03-06T18:11:54+08:00 ] 127.0.0.1 /thinkphp_3.2.3_full/Public/Front/images/bgmenu.png
INFO: [ app_init ] --START--
INFO: Run Behavior\BuildLiteBehavior [ RunTime:0.000000s ]
INFO: [ app_init ] --END-- [ RunTime:0.001001s ]
ERR: 无法加载模块:Public

[ 2018-03-06T18:11:54+08:00 ] 127.0.0.1 /thinkphp_3.2.3_full/Public/Front/images/fjx.gif
INFO: [ app_init ] --START--
INFO: Run Behavior\BuildLiteBehavior [ RunTime:0.000000s ]
INFO: [ app_init ] --END-- [ RunTime:0.001001s ]
ERR: 无法加载模块:Public

[ 2018-03-06T18:11:55+08:00 ] 127.0.0.1 /thinkphp_3.2.3_full/Public/Front/images/menudq.gif
INFO: [ app_init ] --START--
INFO: Run Behavior\BuildLiteBehavior [ RunTime:0.000000s ]
INFO: [ app_init ] --END-- [ RunTime:0.001000s ]
ERR: 无法加载模块:Public

[ 2018-03-06T18:11:55+08:00 ] 127.0.0.1 /thinkphp_3.2.3_full/Public/Front/images/tel.png
INFO: [ app_init ] --START--
INFO: Run Behavior\BuildLiteBehavior [ RunTime:0.000000s ]
INFO: [ app_init ] --END-- [ RunTime:0.001000s ]
ERR: 无法加载模块:Public

[ 2018-03-06T18:11:55+08:00 ] 127.0.0.1 /thinkphp_3.2.3_full/Public/Front/images/sjx.gif
INFO: [ app_init ] --START--
INFO: Run Behavior\BuildLiteBehavior [ RunTime:0.000000s ]
INFO: [ app_init ] --END-- [ RunTime:0.001000s ]
ERR: 无法加载模块:Public

[ 2018-03-06T18:11:55+08:00 ] 127.0.0.1 /thinkphp_3.2.3_full/Public/Front/images/sjx.png
INFO: [ app_init ] --START--
INFO: Run Behavior\BuildLiteBehavior [ RunTime:0.001000s ]
INFO: [ app_init ] --END-- [ RunTime:0.002000s ]
ERR: 无法加载模块:Public

[ 2018-03-06T18:11:55+08:00 ] 127.0.0.1 /thinkphp_3.2.3_full/Public/Front/images/bottomty.gif
INFO: [ app_init ] --START--
INFO: Run Behavior\BuildLiteBehavior [ RunTime:0.000000s ]
INFO: [ app_init ] --END-- [ RunTime:0.001000s ]
ERR: 无法加载模块:Public

[ 2018-03-06T18:11:55+08:00 ] 127.0.0.1 /thinkphp_3.2.3_full/Public/Front/images/copybg.gif
INFO: [ app_init ] --START--
INFO: Run Behavior\BuildLiteBehavior [ RunTime:0.000000s ]
INFO: [ app_init ] --END-- [ RunTime:0.001000s ]
ERR: 无法加载模块:Public

[ 2018-03-06T18:11:55+08:00 ] 127.0.0.1 /thinkphp_3.2.3_full/Public/Front/images/titlepng.png
INFO: [ app_init ] --START--
INFO: Run Behavior\BuildLiteBehavior [ RunTime:0.000000s ]
INFO: [ app_init ] --END-- [ RunTime:0.001000s ]
ERR: 无法加载模块:Public

[ 2018-03-06T18:11:55+08:00 ] 127.0.0.1 /thinkphp_3.2.3_full/Public/Front/images/prettyPhoto/light_square/sprite.png
INFO: [ app_init ] --START--
INFO: Run Behavior\BuildLiteBehavior [ RunTime:0.000000s ]
INFO: [ app_init ] --END-- [ RunTime:0.001000s ]
ERR: 无法加载模块:Public

[ 2018-03-06T18:11:55+08:00 ] 127.0.0.1 /thinkphp_3.2.3_full/Public/Front/images/prettyPhoto/light_square/btnNext.png
INFO: [ app_init ] --START--
INFO: Run Behavior\BuildLiteBehavior [ RunTime:0.000000s ]
INFO: [ app_init ] --END-- [ RunTime:0.001000s ]
ERR: 无法加载模块:Public

[ 2018-03-06T18:11:55+08:00 ] 127.0.0.1 /thinkphp_3.2.3_full/Public/Front/images/prettyPhoto/light_square/btnPrevious.png
INFO: [ app_init ] --START--
INFO: Run Behavior\BuildLiteBehavior [ RunTime:0.000000s ]
INFO: [ app_init ] --END-- [ RunTime:0.001000s ]
ERR: 无法加载模块:Public

[ 2018-03-06T18:13:37+08:00 ] 127.0.0.1 /thinkphp_3.2.3_full/Public/Front/images/prettyPhoto/light_square/sprite.png
INFO: [ app_init ] --START--
INFO: Run Behavior\BuildLiteBehavior [ RunTime:0.000000s ]
INFO: [ app_init ] --END-- [ RunTime:0.002000s ]
ERR: 无法加载模块:Public

[ 2018-03-06T18:13:37+08:00 ] 127.0.0.1 /thinkphp_3.2.3_full/Public/Front/images/prettyPhoto/light_square/btnNext.png
INFO: [ app_init ] --START--
INFO: Run Behavior\BuildLiteBehavior [ RunTime:0.000000s ]
INFO: [ app_init ] --END-- [ RunTime:0.001000s ]
ERR: 无法加载模块:Public

[ 2018-03-06T18:13:37+08:00 ] 127.0.0.1 /thinkphp_3.2.3_full/Public/Front/images/prettyPhoto/light_square/btnPrevious.png
INFO: [ app_init ] --START--
INFO: Run Behavior\BuildLiteBehavior [ RunTime:0.000000s ]
INFO: [ app_init ] --END-- [ RunTime:0.001000s ]
ERR: 无法加载模块:Public

[ 2018-03-06T18:13:38+08:00 ] 127.0.0.1 /thinkphp_3.2.3_full/Public/Front/images/prettyPhoto/light_square/sprite.png
INFO: [ app_init ] --START--
INFO: Run Behavior\BuildLiteBehavior [ RunTime:0.000000s ]
INFO: [ app_init ] --END-- [ RunTime:0.001000s ]
ERR: 无法加载模块:Public

[ 2018-03-06T18:13:38+08:00 ] 127.0.0.1 /thinkphp_3.2.3_full/Public/Front/images/prettyPhoto/light_square/btnNext.png
INFO: [ app_init ] --START--
INFO: Run Behavior\BuildLiteBehavior [ RunTime:0.000000s ]
INFO: [ app_init ] --END-- [ RunTime:0.001000s ]
ERR: 无法加载模块:Public

[ 2018-03-06T18:13:38+08:00 ] 127.0.0.1 /thinkphp_3.2.3_full/Public/Front/images/prettyPhoto/light_square/btnPrevious.png
INFO: [ app_init ] --START--
INFO: Run Behavior\BuildLiteBehavior [ RunTime:0.000000s ]
INFO: [ app_init ] --END-- [ RunTime:0.001000s ]
ERR: 无法加载模块:Public

[ 2018-03-06T18:13:39+08:00 ] 127.0.0.1 /thinkphp_3.2.3_full/Public/Front/images/prettyPhoto/light_square/sprite.png
INFO: [ app_init ] --START--
INFO: Run Behavior\BuildLiteBehavior [ RunTime:0.000000s ]
INFO: [ app_init ] --END-- [ RunTime:0.001000s ]
ERR: 无法加载模块:Public

[ 2018-03-06T18:13:39+08:00 ] 127.0.0.1 /thinkphp_3.2.3_full/Public/Front/images/prettyPhoto/light_square/btnNext.png
INFO: [ app_init ] --START--
INFO: Run Behavior\BuildLiteBehavior [ RunTime:0.000000s ]
INFO: [ app_init ] --END-- [ RunTime:0.001000s ]
ERR: 无法加载模块:Public

[ 2018-03-06T18:13:39+08:00 ] 127.0.0.1 /thinkphp_3.2.3_full/Public/Front/images/prettyPhoto/light_square/btnPrevious.png
INFO: [ app_init ] --START--
INFO: Run Behavior\BuildLiteBehavior [ RunTime:0.000000s ]
INFO: [ app_init ] --END-- [ RunTime:0.001000s ]
ERR: 无法加载模块:Public

[ 2018-03-06T18:13:40+08:00 ] 127.0.0.1 /thinkphp_3.2.3_full/Public/Front/images/prettyPhoto/light_square/sprite.png
INFO: [ app_init ] --START--
INFO: Run Behavior\BuildLiteBehavior [ RunTime:0.000000s ]
INFO: [ app_init ] --END-- [ RunTime:0.002000s ]
ERR: 无法加载模块:Public

[ 2018-03-06T18:13:41+08:00 ] 127.0.0.1 /thinkphp_3.2.3_full/Public/Front/images/prettyPhoto/light_square/btnNext.png
INFO: [ app_init ] --START--
INFO: Run Behavior\BuildLiteBehavior [ RunTime:0.000000s ]
INFO: [ app_init ] --END-- [ RunTime:0.001000s ]
ERR: 无法加载模块:Public

[ 2018-03-06T18:13:41+08:00 ] 127.0.0.1 /thinkphp_3.2.3_full/Public/Front/images/prettyPhoto/light_square/btnPrevious.png
INFO: [ app_init ] --START--
INFO: Run Behavior\BuildLiteBehavior [ RunTime:0.000000s ]
INFO: [ app_init ] --END-- [ RunTime:0.001000s ]
ERR: 无法加载模块:Public

[ 2018-03-06T18:34:59+08:00 ] 127.0.0.1 /thinkphp_3.2.3_full/Public/Front/images/prettyPhoto/light_square/sprite.png
INFO: [ app_init ] --START--
INFO: Run Behavior\BuildLiteBehavior [ RunTime:0.000000s ]
INFO: [ app_init ] --END-- [ RunTime:0.001000s ]
ERR: 无法加载模块:Public

[ 2018-03-06T18:34:59+08:00 ] 127.0.0.1 /thinkphp_3.2.3_full/Public/Front/images/prettyPhoto/light_square/btnNext.png
INFO: [ app_init ] --START--
INFO: Run Behavior\BuildLiteBehavior [ RunTime:0.000000s ]
INFO: [ app_init ] --END-- [ RunTime:0.001000s ]
ERR: 无法加载模块:Public

[ 2018-03-06T18:34:59+08:00 ] 127.0.0.1 /thinkphp_3.2.3_full/Public/Front/images/prettyPhoto/light_square/sprite.png
INFO: [ app_init ] --START--
INFO: Run Behavior\BuildLiteBehavior [ RunTime:0.000000s ]
INFO: [ app_init ] --END-- [ RunTime:0.002000s ]
ERR: 无法加载模块:Public

[ 2018-03-06T18:34:59+08:00 ] 127.0.0.1 /thinkphp_3.2.3_full/Public/Front/images/prettyPhoto/light_square/btnPrevious.png
INFO: [ app_init ] --START--
INFO: Run Behavior\BuildLiteBehavior [ RunTime:0.000000s ]
INFO: [ app_init ] --END-- [ RunTime:0.001000s ]
ERR: 无法加载模块:Public

[ 2018-03-06T18:35:14+08:00 ] 127.0.0.1 /thinkphp_3.2.3_full/Public/Front/images/prettyPhoto/light_square/sprite.png
INFO: [ app_init ] --START--
INFO: Run Behavior\BuildLiteBehavior [ RunTime:0.001000s ]
INFO: [ app_init ] --END-- [ RunTime:0.001000s ]
ERR: 无法加载模块:Public

[ 2018-03-06T18:35:14+08:00 ] 127.0.0.1 /thinkphp_3.2.3_full/Public/Front/images/prettyPhoto/light_square/btnNext.png
INFO: [ app_init ] --START--
INFO: Run Behavior\BuildLiteBehavior [ RunTime:0.000000s ]
INFO: [ app_init ] --END-- [ RunTime:0.002000s ]
ERR: 无法加载模块:Public

[ 2018-03-06T18:35:14+08:00 ] 127.0.0.1 /thinkphp_3.2.3_full/Public/Front/images/prettyPhoto/light_square/btnPrevious.png
INFO: [ app_init ] --START--
INFO: Run Behavior\BuildLiteBehavior [ RunTime:0.000000s ]
INFO: [ app_init ] --END-- [ RunTime:0.001000s ]
ERR: 无法加载模块:Public

