[ 2018-03-11T19:50:43+08:00 ] 127.0.0.1 /thinkphp_3.2.3_full/Front/Index/index.shtml
INFO: [ app_init ] --START--
INFO: Run Behavior\BuildLiteBehavior [ RunTime:0.000000s ]
INFO: [ app_init ] --END-- [ RunTime:0.084005s ]
INFO: [ app_begin ] --START--
INFO: Run Behavior\ReadHtmlCacheBehavior [ RunTime:0.039002s ]
INFO: [ app_begin ] --END-- [ RunTime:0.039002s ]
SQL: SHOW COLUMNS FROM `tp_activity` [ RunTime:0.0440s ]
SQL: SELECT * FROM `tp_activity` ORDER BY create_time desc LIMIT 8   [ RunTime:0.0030s ]
SQL: SHOW COLUMNS FROM `tp_new` [ RunTime:0.0350s ]
SQL: SELECT * FROM `tp_new` ORDER BY new_time desc LIMIT 10   [ RunTime:0.0010s ]
INFO: [ view_parse ] --START--
INFO: [ template_filter ] --START--
INFO: Run Behavior\ContentReplaceBehavior [ RunTime:0.000000s ]
INFO: [ template_filter ] --END-- [ RunTime:0.001000s ]
INFO: Run Behavior\ParseTemplateBehavior [ RunTime:0.109006s ]
INFO: [ view_parse ] --END-- [ RunTime:0.109006s ]
INFO: [ view_filter ] --START--
INFO: Run Behavior\WriteHtmlCacheBehavior [ RunTime:0.017001s ]
INFO: [ view_filter ] --END-- [ RunTime:0.017001s ]
INFO: [ app_end ] --START--
INFO: Run Behavior\ShowPageTraceBehavior [ RunTime:0.003000s ]
INFO: [ app_end ] --END-- [ RunTime:0.003000s ]

